This file contains any messages produced by compilers while
running configure, to aid debugging if configure makes a mistake.

It was created by configure, which was
generated by GNU Autoconf 2.64.  Invocation command line was

  $ ./configure --disable-xinerama --without-imlib

## --------- ##
## Platform. ##
## --------- ##

hostname = ubuntu
uname -m = arm
uname -r = 2.6.31-19-generic
uname -s = Linux
uname -v = #56-Ubuntu SMP Thu Jan 28 01:26:53 UTC 2010

/usr/bin/uname -p = unknown
/bin/uname -X     = unknown

/bin/arch              = unknown
/usr/bin/arch -k       = unknown
/usr/convex/getsysinfo = unknown
/usr/bin/hostinfo      = unknown
/bin/machine           = unknown
/usr/bin/oslevel       = unknown
/bin/universe          = unknown

PATH: /sb2/wrappers
PATH: /sb2/scripts
PATH: /home/shivaram/.scratchbox2/armv7android/bin
PATH: /usr/bin
PATH: /usr/local/sbin
PATH: /usr/local/bin
PATH: /usr/sbin
PATH: /usr/bin
PATH: /sbin
PATH: /bin
PATH: /usr/games
PATH: /sbin
PATH: /usr/sbin
PATH: /srv/cs523/cross_compile/toolchain/arm-2007q3/arm-none-linux-gnueabi/libc/bin
PATH: /srv/cs523/cross_compile/toolchain/arm-2007q3/arm-none-linux-gnueabi/libc/usr/bin
PATH: /srv/cs523/cross_compile/toolchain/arm-2007q3/arm-none-linux-gnueabi/libc/usr/local/bin


## ----------- ##
## Core tests. ##
## ----------- ##

configure:2533: checking build system type
configure:2547: result: arm-unknown-linux-gnu
configure:2567: checking host system type
configure:2580: result: arm-unknown-linux-gnu
configure:2600: checking target system type
configure:2613: result: arm-unknown-linux-gnu
configure:2710: checking for g++
configure:2726: found /usr/bin/g++
configure:2737: result: g++
configure:2764: checking for C++ compiler version
configure:2773: g++ --version >&5
arm-none-linux-gnueabi-g++ (CodeSourcery Sourcery G++ Lite 2007q3-51) 4.2.1
Copyright (C) 2007 Free Software Foundation, Inc.
This is free software; see the source for copying conditions.  There is NO
warranty; not even for MERCHANTABILITY or FITNESS FOR A PARTICULAR PURPOSE.

configure:2784: $? = 0
configure:2773: g++ -v >&5
Using built-in specs.
Reading specs from /usr/share/scratchbox2/modeconf/gcc-specs.simple
rename spec cpp to old_cpp
Target: arm-none-linux-gnueabi
Configured with: /scratch/paul/lite/linux/src/gcc-4.2/configure --build=i686-pc-linux-gnu --host=i686-pc-linux-gnu --target=arm-none-linux-gnueabi --enable-threads --disable-libmudflap --disable-libssp --disable-libgomp --disable-libstdcxx-pch --with-gnu-as --with-gnu-ld --enable-languages=c,c++ --enable-shared --enable-symvers=gnu --enable-__cxa_atexit --with-pkgversion=CodeSourcery Sourcery G++ Lite 2007q3-51 --with-bugurl=https://support.codesourcery.com/GNUToolchain/ --disable-nls --prefix=/opt/codesourcery --with-sysroot=/opt/codesourcery/arm-none-linux-gnueabi/libc --with-build-sysroot=/scratch/paul/lite/linux/install/arm-none-linux-gnueabi/libc --enable-poison-system-directories --with-build-time-tools=/scratch/paul/lite/linux/install/arm-none-linux-gnueabi/bin --with-build-time-tools=/scratch/paul/lite/linux/install/arm-none-linux-gnueabi/bin
Thread model: posix
gcc version 4.2.1 (CodeSourcery Sourcery G++ Lite 2007q3-51)
configure:2784: $? = 0
configure:2773: g++ -V >&5
arm-none-linux-gnueabi-g++: couldn't run '/srv/cs523/cross_compile/toolchain/arm-2007q3/bin/arm-none-linux-gnueabi-gcc--specs=/usr/share/scratchbox2/modeconf/gcc-specs.simple': No such file or directory
configure:2784: $? = 1
configure:2773: g++ -qversion >&5
arm-none-linux-gnueabi-g++: unrecognized option '-qversion'
arm-none-linux-gnueabi-g++: no input files
configure:2784: $? = 1
configure:2806: checking for C++ compiler default output file name
configure:2828: g++   -L/usr/local/lib -Wl,-rpath-link,/usr/local/lib -Wl,-rpath,/usr/local/lib conftest.cpp  >&5
configure:2832: $? = 0
configure:2869: result: a.out
configure:2885: checking whether the C++ compiler works
configure:2894: ./a.out
configure:2898: $? = 0
configure:2913: result: yes
configure:2920: checking whether we are cross compiling
configure:2922: result: no
configure:2925: checking for suffix of executables
configure:2932: g++ -o conftest   -L/usr/local/lib -Wl,-rpath-link,/usr/local/lib -Wl,-rpath,/usr/local/lib conftest.cpp  >&5
configure:2936: $? = 0
configure:2958: result: 
configure:2964: checking for suffix of object files
configure:2986: g++ -c   conftest.cpp >&5
configure:2990: $? = 0
configure:3011: result: o
configure:3015: checking whether we are using the GNU C++ compiler
configure:3034: g++ -c   conftest.cpp >&5
configure:3034: $? = 0
configure:3043: result: yes
configure:3052: checking whether g++ accepts -g
configure:3072: g++ -c -g  conftest.cpp >&5
configure:3072: $? = 0
configure:3113: result: yes
configure:3144: checking whether the C++ compiler (g++) accepts no_rtti
configure:3157: g++ -c -fno-rtti -g -O2  conftest.cpp >&5
configure:3157: $? = 0
configure:3163: result: yes
configure:3202: checking whether the C++ compiler (g++) accepts no_exceptions
configure:3215: g++ -c -fno-exceptions -fno-rtti -g -O2  conftest.cpp >&5
configure:3215: $? = 0
configure:3221: result: yes
configure:3262: checking whether the C++ compiler (g++) accepts warn_xxx
configure:3275: g++ -c -Wall -Wpointer-arith -Wconversion -Wwrite-strings -Winline -Woverloaded-virtual -W -fno-exceptions -fno-rtti -g -O2  conftest.cpp >&5
configure:3275: $? = 0
configure:3281: result: yes
configure:3288: checking whether the C++ compiler (g++) accepts permissive
configure:3301: g++ -c -fpermissive -Wall -Wpointer-arith -Wconversion -Wwrite-strings -Winline -Woverloaded-virtual -W -fno-exceptions -fno-rtti -g -O2  conftest.cpp >&5
configure:3301: $? = 0
configure:3307: result: yes
configure:3384: checking for a BSD-compatible install
configure:3452: result: /usr/bin/install -c
configure:3467: checking for dirent.h that defines DIR
configure:3486: g++ -c -fpermissive -Wall -Wpointer-arith -Wconversion -Wwrite-strings -Winline -Woverloaded-virtual -W -fno-exceptions -fno-rtti -g -O2  conftest.cpp >&5
configure:3486: $? = 0
configure:3494: result: yes
configure:3508: checking for library containing opendir
configure:3539: g++ -o conftest -fpermissive -Wall -Wpointer-arith -Wconversion -Wwrite-strings -Winline -Woverloaded-virtual -W -fno-exceptions -fno-rtti -g -O2  -L/usr/local/lib -Wl,-rpath-link,/usr/local/lib -Wl,-rpath,/usr/local/lib conftest.cpp  >&5
configure:3539: $? = 0
configure:3556: result: none required
configure:3623: checking for sys/wait.h that is POSIX.1 compatible
configure:3649: g++ -c -fpermissive -Wall -Wpointer-arith -Wconversion -Wwrite-strings -Winline -Woverloaded-virtual -W -fno-exceptions -fno-rtti -g -O2  conftest.cpp >&5
configure:3649: $? = 0
configure:3656: result: yes
configure:3669: checking how to run the C++ preprocessor
configure:3696: g++ -E  conftest.cpp
configure:3696: $? = 0
configure:3710: g++ -E  conftest.cpp
conftest.cpp:11:28: error: ac_nonexistent.h: No such file or directory
configure:3710: $? = 1
configure: failed program was:
| /* confdefs.h */
| #define PACKAGE_NAME ""
| #define PACKAGE_TARNAME ""
| #define PACKAGE_VERSION ""
| #define PACKAGE_STRING ""
| #define PACKAGE_BUGREPORT ""
| #define PACKAGE_URL ""
| #define HAVE_DIRENT_H 1
| #define HAVE_SYS_WAIT_H 1
| /* end confdefs.h.  */
| #include <ac_nonexistent.h>
configure:3735: result: g++ -E
configure:3755: g++ -E  conftest.cpp
configure:3755: $? = 0
configure:3769: g++ -E  conftest.cpp
conftest.cpp:11:28: error: ac_nonexistent.h: No such file or directory
configure:3769: $? = 1
configure: failed program was:
| /* confdefs.h */
| #define PACKAGE_NAME ""
| #define PACKAGE_TARNAME ""
| #define PACKAGE_VERSION ""
| #define PACKAGE_STRING ""
| #define PACKAGE_BUGREPORT ""
| #define PACKAGE_URL ""
| #define HAVE_DIRENT_H 1
| #define HAVE_SYS_WAIT_H 1
| /* end confdefs.h.  */
| #include <ac_nonexistent.h>
configure:3798: checking for grep that handles long lines and -e
configure:3856: result: /bin/grep
configure:3861: checking for egrep
configure:3923: result: /bin/grep -E
configure:3928: checking for ANSI C header files
configure:3948: g++ -c -fpermissive -Wall -Wpointer-arith -Wconversion -Wwrite-strings -Winline -Woverloaded-virtual -W -fno-exceptions -fno-rtti -g -O2  conftest.cpp >&5
configure:3948: $? = 0
configure:4021: g++ -o conftest -fpermissive -Wall -Wpointer-arith -Wconversion -Wwrite-strings -Winline -Woverloaded-virtual -W -fno-exceptions -fno-rtti -g -O2  -L/usr/local/lib -Wl,-rpath-link,/usr/local/lib -Wl,-rpath,/usr/local/lib conftest.cpp  >&5
configure:4021: $? = 0
configure:4021: ./conftest
configure:4021: $? = 0
configure:4032: result: yes
configure:4045: checking for sys/types.h
configure:4045: g++ -c -fpermissive -Wall -Wpointer-arith -Wconversion -Wwrite-strings -Winline -Woverloaded-virtual -W -fno-exceptions -fno-rtti -g -O2  conftest.cpp >&5
configure:4045: $? = 0
configure:4045: result: yes
configure:4045: checking for sys/stat.h
configure:4045: g++ -c -fpermissive -Wall -Wpointer-arith -Wconversion -Wwrite-strings -Winline -Woverloaded-virtual -W -fno-exceptions -fno-rtti -g -O2  conftest.cpp >&5
configure:4045: $? = 0
configure:4045: result: yes
configure:4045: checking for stdlib.h
configure:4045: g++ -c -fpermissive -Wall -Wpointer-arith -Wconversion -Wwrite-strings -Winline -Woverloaded-virtual -W -fno-exceptions -fno-rtti -g -O2  conftest.cpp >&5
configure:4045: $? = 0
configure:4045: result: yes
configure:4045: checking for string.h
configure:4045: g++ -c -fpermissive -Wall -Wpointer-arith -Wconversion -Wwrite-strings -Winline -Woverloaded-virtual -W -fno-exceptions -fno-rtti -g -O2  conftest.cpp >&5
configure:4045: $? = 0
configure:4045: result: yes
configure:4045: checking for memory.h
configure:4045: g++ -c -fpermissive -Wall -Wpointer-arith -Wconversion -Wwrite-strings -Winline -Woverloaded-virtual -W -fno-exceptions -fno-rtti -g -O2  conftest.cpp >&5
configure:4045: $? = 0
configure:4045: result: yes
configure:4045: checking for strings.h
configure:4045: g++ -c -fpermissive -Wall -Wpointer-arith -Wconversion -Wwrite-strings -Winline -Woverloaded-virtual -W -fno-exceptions -fno-rtti -g -O2  conftest.cpp >&5
configure:4045: $? = 0
configure:4045: result: yes
configure:4045: checking for inttypes.h
configure:4045: g++ -c -fpermissive -Wall -Wpointer-arith -Wconversion -Wwrite-strings -Winline -Woverloaded-virtual -W -fno-exceptions -fno-rtti -g -O2  conftest.cpp >&5
configure:4045: $? = 0
configure:4045: result: yes
configure:4045: checking for stdint.h
configure:4045: g++ -c -fpermissive -Wall -Wpointer-arith -Wconversion -Wwrite-strings -Winline -Woverloaded-virtual -W -fno-exceptions -fno-rtti -g -O2  conftest.cpp >&5
configure:4045: $? = 0
configure:4045: result: yes
configure:4045: checking for unistd.h
configure:4045: g++ -c -fpermissive -Wall -Wpointer-arith -Wconversion -Wwrite-strings -Winline -Woverloaded-virtual -W -fno-exceptions -fno-rtti -g -O2  conftest.cpp >&5
configure:4045: $? = 0
configure:4045: result: yes
configure:4061: checking fcntl.h usability
configure:4061: g++ -c -fpermissive -Wall -Wpointer-arith -Wconversion -Wwrite-strings -Winline -Woverloaded-virtual -W -fno-exceptions -fno-rtti -g -O2  conftest.cpp >&5
configure:4061: $? = 0
configure:4061: result: yes
configure:4061: checking fcntl.h presence
configure:4061: g++ -E  conftest.cpp
configure:4061: $? = 0
configure:4061: result: yes
configure:4061: checking for fcntl.h
configure:4061: result: yes
configure:4061: checking limits.h usability
configure:4061: g++ -c -fpermissive -Wall -Wpointer-arith -Wconversion -Wwrite-strings -Winline -Woverloaded-virtual -W -fno-exceptions -fno-rtti -g -O2  conftest.cpp >&5
configure:4061: $? = 0
configure:4061: result: yes
configure:4061: checking limits.h presence
configure:4061: g++ -E  conftest.cpp
configure:4061: $? = 0
configure:4061: result: yes
configure:4061: checking for limits.h
configure:4061: result: yes
configure:4061: checking for strings.h
configure:4061: result: yes
configure:4061: checking sys/ioctl.h usability
configure:4061: g++ -c -fpermissive -Wall -Wpointer-arith -Wconversion -Wwrite-strings -Winline -Woverloaded-virtual -W -fno-exceptions -fno-rtti -g -O2  conftest.cpp >&5
configure:4061: $? = 0
configure:4061: result: yes
configure:4061: checking sys/ioctl.h presence
configure:4061: g++ -E  conftest.cpp
configure:4061: $? = 0
configure:4061: result: yes
configure:4061: checking for sys/ioctl.h
configure:4061: result: yes
configure:4061: checking sys/time.h usability
configure:4061: g++ -c -fpermissive -Wall -Wpointer-arith -Wconversion -Wwrite-strings -Winline -Woverloaded-virtual -W -fno-exceptions -fno-rtti -g -O2  conftest.cpp >&5
configure:4061: $? = 0
configure:4061: result: yes
configure:4061: checking sys/time.h presence
configure:4061: g++ -E  conftest.cpp
configure:4061: $? = 0
configure:4061: result: yes
configure:4061: checking for sys/time.h
configure:4061: result: yes
configure:4061: checking for unistd.h
configure:4061: result: yes
configure:4075: checking linux/threads.h usability
configure:4075: g++ -c -fpermissive -Wall -Wpointer-arith -Wconversion -Wwrite-strings -Winline -Woverloaded-virtual -W -fno-exceptions -fno-rtti -g -O2  conftest.cpp >&5
conftest.cpp:60:27: error: linux/threads.h: No such file or directory
configure:4075: $? = 1
configure: failed program was:
| /* confdefs.h */
| #define PACKAGE_NAME ""
| #define PACKAGE_TARNAME ""
| #define PACKAGE_VERSION ""
| #define PACKAGE_STRING ""
| #define PACKAGE_BUGREPORT ""
| #define PACKAGE_URL ""
| #define HAVE_DIRENT_H 1
| #define HAVE_SYS_WAIT_H 1
| #define STDC_HEADERS 1
| #define HAVE_SYS_TYPES_H 1
| #define HAVE_SYS_STAT_H 1
| #define HAVE_STDLIB_H 1
| #define HAVE_STRING_H 1
| #define HAVE_MEMORY_H 1
| #define HAVE_STRINGS_H 1
| #define HAVE_INTTYPES_H 1
| #define HAVE_STDINT_H 1
| #define HAVE_UNISTD_H 1
| #define HAVE_FCNTL_H 1
| #define HAVE_LIMITS_H 1
| #define HAVE_STRINGS_H 1
| #define HAVE_SYS_IOCTL_H 1
| #define HAVE_SYS_TIME_H 1
| #define HAVE_UNISTD_H 1
| /* end confdefs.h.  */
| #include <stdio.h>
| #ifdef HAVE_SYS_TYPES_H
| # include <sys/types.h>
| #endif
| #ifdef HAVE_SYS_STAT_H
| # include <sys/stat.h>
| #endif
| #ifdef STDC_HEADERS
| # include <stdlib.h>
| # include <stddef.h>
| #else
| # ifdef HAVE_STDLIB_H
| #  include <stdlib.h>
| # endif
| #endif
| #ifdef HAVE_STRING_H
| # if !defined STDC_HEADERS && defined HAVE_MEMORY_H
| #  include <memory.h>
| # endif
| # include <string.h>
| #endif
| #ifdef HAVE_STRINGS_H
| # include <strings.h>
| #endif
| #ifdef HAVE_INTTYPES_H
| # include <inttypes.h>
| #endif
| #ifdef HAVE_STDINT_H
| # include <stdint.h>
| #endif
| #ifdef HAVE_UNISTD_H
| # include <unistd.h>
| #endif
| #include <linux/threads.h>
configure:4075: result: no
configure:4075: checking linux/threads.h presence
configure:4075: g++ -E  conftest.cpp
conftest.cpp:27:27: error: linux/threads.h: No such file or directory
configure:4075: $? = 1
configure: failed program was:
| /* confdefs.h */
| #define PACKAGE_NAME ""
| #define PACKAGE_TARNAME ""
| #define PACKAGE_VERSION ""
| #define PACKAGE_STRING ""
| #define PACKAGE_BUGREPORT ""
| #define PACKAGE_URL ""
| #define HAVE_DIRENT_H 1
| #define HAVE_SYS_WAIT_H 1
| #define STDC_HEADERS 1
| #define HAVE_SYS_TYPES_H 1
| #define HAVE_SYS_STAT_H 1
| #define HAVE_STDLIB_H 1
| #define HAVE_STRING_H 1
| #define HAVE_MEMORY_H 1
| #define HAVE_STRINGS_H 1
| #define HAVE_INTTYPES_H 1
| #define HAVE_STDINT_H 1
| #define HAVE_UNISTD_H 1
| #define HAVE_FCNTL_H 1
| #define HAVE_LIMITS_H 1
| #define HAVE_STRINGS_H 1
| #define HAVE_SYS_IOCTL_H 1
| #define HAVE_SYS_TIME_H 1
| #define HAVE_UNISTD_H 1
| /* end confdefs.h.  */
| #include <linux/threads.h>
configure:4075: result: no
configure:4075: checking for linux/threads.h
configure:4075: result: no
configure:4075: checking linux/tasks.h usability
configure:4075: g++ -c -fpermissive -Wall -Wpointer-arith -Wconversion -Wwrite-strings -Winline -Woverloaded-virtual -W -fno-exceptions -fno-rtti -g -O2  conftest.cpp >&5
conftest.cpp:60:25: error: linux/tasks.h: No such file or directory
configure:4075: $? = 1
configure: failed program was:
| /* confdefs.h */
| #define PACKAGE_NAME ""
| #define PACKAGE_TARNAME ""
| #define PACKAGE_VERSION ""
| #define PACKAGE_STRING ""
| #define PACKAGE_BUGREPORT ""
| #define PACKAGE_URL ""
| #define HAVE_DIRENT_H 1
| #define HAVE_SYS_WAIT_H 1
| #define STDC_HEADERS 1
| #define HAVE_SYS_TYPES_H 1
| #define HAVE_SYS_STAT_H 1
| #define HAVE_STDLIB_H 1
| #define HAVE_STRING_H 1
| #define HAVE_MEMORY_H 1
| #define HAVE_STRINGS_H 1
| #define HAVE_INTTYPES_H 1
| #define HAVE_STDINT_H 1
| #define HAVE_UNISTD_H 1
| #define HAVE_FCNTL_H 1
| #define HAVE_LIMITS_H 1
| #define HAVE_STRINGS_H 1
| #define HAVE_SYS_IOCTL_H 1
| #define HAVE_SYS_TIME_H 1
| #define HAVE_UNISTD_H 1
| /* end confdefs.h.  */
| #include <stdio.h>
| #ifdef HAVE_SYS_TYPES_H
| # include <sys/types.h>
| #endif
| #ifdef HAVE_SYS_STAT_H
| # include <sys/stat.h>
| #endif
| #ifdef STDC_HEADERS
| # include <stdlib.h>
| # include <stddef.h>
| #else
| # ifdef HAVE_STDLIB_H
| #  include <stdlib.h>
| # endif
| #endif
| #ifdef HAVE_STRING_H
| # if !defined STDC_HEADERS && defined HAVE_MEMORY_H
| #  include <memory.h>
| # endif
| # include <string.h>
| #endif
| #ifdef HAVE_STRINGS_H
| # include <strings.h>
| #endif
| #ifdef HAVE_INTTYPES_H
| # include <inttypes.h>
| #endif
| #ifdef HAVE_STDINT_H
| # include <stdint.h>
| #endif
| #ifdef HAVE_UNISTD_H
| # include <unistd.h>
| #endif
| #include <linux/tasks.h>
configure:4075: result: no
configure:4075: checking linux/tasks.h presence
configure:4075: g++ -E  conftest.cpp
conftest.cpp:27:25: error: linux/tasks.h: No such file or directory
configure:4075: $? = 1
configure: failed program was:
| /* confdefs.h */
| #define PACKAGE_NAME ""
| #define PACKAGE_TARNAME ""
| #define PACKAGE_VERSION ""
| #define PACKAGE_STRING ""
| #define PACKAGE_BUGREPORT ""
| #define PACKAGE_URL ""
| #define HAVE_DIRENT_H 1
| #define HAVE_SYS_WAIT_H 1
| #define STDC_HEADERS 1
| #define HAVE_SYS_TYPES_H 1
| #define HAVE_SYS_STAT_H 1
| #define HAVE_STDLIB_H 1
| #define HAVE_STRING_H 1
| #define HAVE_MEMORY_H 1
| #define HAVE_STRINGS_H 1
| #define HAVE_INTTYPES_H 1
| #define HAVE_STDINT_H 1
| #define HAVE_UNISTD_H 1
| #define HAVE_FCNTL_H 1
| #define HAVE_LIMITS_H 1
| #define HAVE_STRINGS_H 1
| #define HAVE_SYS_IOCTL_H 1
| #define HAVE_SYS_TIME_H 1
| #define HAVE_UNISTD_H 1
| /* end confdefs.h.  */
| #include <linux/tasks.h>
configure:4075: result: no
configure:4075: checking for linux/tasks.h
configure:4075: result: no
configure:4089: checking sched.h usability
configure:4089: g++ -c -fpermissive -Wall -Wpointer-arith -Wconversion -Wwrite-strings -Winline -Woverloaded-virtual -W -fno-exceptions -fno-rtti -g -O2  conftest.cpp >&5
configure:4089: $? = 0
configure:4089: result: yes
configure:4089: checking sched.h presence
configure:4089: g++ -E  conftest.cpp
configure:4089: $? = 0
configure:4089: result: yes
configure:4089: checking for sched.h
configure:4089: result: yes
configure:4089: checking sys/dkstat.h usability
configure:4089: g++ -c -fpermissive -Wall -Wpointer-arith -Wconversion -Wwrite-strings -Winline -Woverloaded-virtual -W -fno-exceptions -fno-rtti -g -O2  conftest.cpp >&5
conftest.cpp:61:24: error: sys/dkstat.h: No such file or directory
configure:4089: $? = 1
configure: failed program was:
| /* confdefs.h */
| #define PACKAGE_NAME ""
| #define PACKAGE_TARNAME ""
| #define PACKAGE_VERSION ""
| #define PACKAGE_STRING ""
| #define PACKAGE_BUGREPORT ""
| #define PACKAGE_URL ""
| #define HAVE_DIRENT_H 1
| #define HAVE_SYS_WAIT_H 1
| #define STDC_HEADERS 1
| #define HAVE_SYS_TYPES_H 1
| #define HAVE_SYS_STAT_H 1
| #define HAVE_STDLIB_H 1
| #define HAVE_STRING_H 1
| #define HAVE_MEMORY_H 1
| #define HAVE_STRINGS_H 1
| #define HAVE_INTTYPES_H 1
| #define HAVE_STDINT_H 1
| #define HAVE_UNISTD_H 1
| #define HAVE_FCNTL_H 1
| #define HAVE_LIMITS_H 1
| #define HAVE_STRINGS_H 1
| #define HAVE_SYS_IOCTL_H 1
| #define HAVE_SYS_TIME_H 1
| #define HAVE_UNISTD_H 1
| #define HAVE_SCHED_H 1
| /* end confdefs.h.  */
| #include <stdio.h>
| #ifdef HAVE_SYS_TYPES_H
| # include <sys/types.h>
| #endif
| #ifdef HAVE_SYS_STAT_H
| # include <sys/stat.h>
| #endif
| #ifdef STDC_HEADERS
| # include <stdlib.h>
| # include <stddef.h>
| #else
| # ifdef HAVE_STDLIB_H
| #  include <stdlib.h>
| # endif
| #endif
| #ifdef HAVE_STRING_H
| # if !defined STDC_HEADERS && defined HAVE_MEMORY_H
| #  include <memory.h>
| # endif
| # include <string.h>
| #endif
| #ifdef HAVE_STRINGS_H
| # include <strings.h>
| #endif
| #ifdef HAVE_INTTYPES_H
| # include <inttypes.h>
| #endif
| #ifdef HAVE_STDINT_H
| # include <stdint.h>
| #endif
| #ifdef HAVE_UNISTD_H
| # include <unistd.h>
| #endif
| #include <sys/dkstat.h>
configure:4089: result: no
configure:4089: checking sys/dkstat.h presence
configure:4089: g++ -E  conftest.cpp
conftest.cpp:28:24: error: sys/dkstat.h: No such file or directory
configure:4089: $? = 1
configure: failed program was:
| /* confdefs.h */
| #define PACKAGE_NAME ""
| #define PACKAGE_TARNAME ""
| #define PACKAGE_VERSION ""
| #define PACKAGE_STRING ""
| #define PACKAGE_BUGREPORT ""
| #define PACKAGE_URL ""
| #define HAVE_DIRENT_H 1
| #define HAVE_SYS_WAIT_H 1
| #define STDC_HEADERS 1
| #define HAVE_SYS_TYPES_H 1
| #define HAVE_SYS_STAT_H 1
| #define HAVE_STDLIB_H 1
| #define HAVE_STRING_H 1
| #define HAVE_MEMORY_H 1
| #define HAVE_STRINGS_H 1
| #define HAVE_INTTYPES_H 1
| #define HAVE_STDINT_H 1
| #define HAVE_UNISTD_H 1
| #define HAVE_FCNTL_H 1
| #define HAVE_LIMITS_H 1
| #define HAVE_STRINGS_H 1
| #define HAVE_SYS_IOCTL_H 1
| #define HAVE_SYS_TIME_H 1
| #define HAVE_UNISTD_H 1
| #define HAVE_SCHED_H 1
| /* end confdefs.h.  */
| #include <sys/dkstat.h>
configure:4089: result: no
configure:4089: checking for sys/dkstat.h
configure:4089: result: no
configure:4089: checking sys/param.h usability
configure:4089: g++ -c -fpermissive -Wall -Wpointer-arith -Wconversion -Wwrite-strings -Winline -Woverloaded-virtual -W -fno-exceptions -fno-rtti -g -O2  conftest.cpp >&5
configure:4089: $? = 0
configure:4089: result: yes
configure:4089: checking sys/param.h presence
configure:4089: g++ -E  conftest.cpp
configure:4089: $? = 0
configure:4089: result: yes
configure:4089: checking for sys/param.h
configure:4089: result: yes
configure:4089: checking sys/sysctl.h usability
configure:4089: g++ -c -fpermissive -Wall -Wpointer-arith -Wconversion -Wwrite-strings -Winline -Woverloaded-virtual -W -fno-exceptions -fno-rtti -g -O2  conftest.cpp >&5
configure:4089: $? = 0
configure:4089: result: yes
configure:4089: checking sys/sysctl.h presence
configure:4089: g++ -E  conftest.cpp
configure:4089: $? = 0
configure:4089: result: yes
configure:4089: checking for sys/sysctl.h
configure:4089: result: yes
configure:4089: checking uvm/uvm_param.h usability
configure:4089: g++ -c -fpermissive -Wall -Wpointer-arith -Wconversion -Wwrite-strings -Winline -Woverloaded-virtual -W -fno-exceptions -fno-rtti -g -O2  conftest.cpp >&5
conftest.cpp:63:27: error: uvm/uvm_param.h: No such file or directory
configure:4089: $? = 1
configure: failed program was:
| /* confdefs.h */
| #define PACKAGE_NAME ""
| #define PACKAGE_TARNAME ""
| #define PACKAGE_VERSION ""
| #define PACKAGE_STRING ""
| #define PACKAGE_BUGREPORT ""
| #define PACKAGE_URL ""
| #define HAVE_DIRENT_H 1
| #define HAVE_SYS_WAIT_H 1
| #define STDC_HEADERS 1
| #define HAVE_SYS_TYPES_H 1
| #define HAVE_SYS_STAT_H 1
| #define HAVE_STDLIB_H 1
| #define HAVE_STRING_H 1
| #define HAVE_MEMORY_H 1
| #define HAVE_STRINGS_H 1
| #define HAVE_INTTYPES_H 1
| #define HAVE_STDINT_H 1
| #define HAVE_UNISTD_H 1
| #define HAVE_FCNTL_H 1
| #define HAVE_LIMITS_H 1
| #define HAVE_STRINGS_H 1
| #define HAVE_SYS_IOCTL_H 1
| #define HAVE_SYS_TIME_H 1
| #define HAVE_UNISTD_H 1
| #define HAVE_SCHED_H 1
| #define HAVE_SYS_PARAM_H 1
| #define HAVE_SYS_SYSCTL_H 1
| /* end confdefs.h.  */
| #include <stdio.h>
| #ifdef HAVE_SYS_TYPES_H
| # include <sys/types.h>
| #endif
| #ifdef HAVE_SYS_STAT_H
| # include <sys/stat.h>
| #endif
| #ifdef STDC_HEADERS
| # include <stdlib.h>
| # include <stddef.h>
| #else
| # ifdef HAVE_STDLIB_H
| #  include <stdlib.h>
| # endif
| #endif
| #ifdef HAVE_STRING_H
| # if !defined STDC_HEADERS && defined HAVE_MEMORY_H
| #  include <memory.h>
| # endif
| # include <string.h>
| #endif
| #ifdef HAVE_STRINGS_H
| # include <strings.h>
| #endif
| #ifdef HAVE_INTTYPES_H
| # include <inttypes.h>
| #endif
| #ifdef HAVE_STDINT_H
| # include <stdint.h>
| #endif
| #ifdef HAVE_UNISTD_H
| # include <unistd.h>
| #endif
| #include <uvm/uvm_param.h>
configure:4089: result: no
configure:4089: checking uvm/uvm_param.h presence
configure:4089: g++ -E  conftest.cpp
conftest.cpp:30:27: error: uvm/uvm_param.h: No such file or directory
configure:4089: $? = 1
configure: failed program was:
| /* confdefs.h */
| #define PACKAGE_NAME ""
| #define PACKAGE_TARNAME ""
| #define PACKAGE_VERSION ""
| #define PACKAGE_STRING ""
| #define PACKAGE_BUGREPORT ""
| #define PACKAGE_URL ""
| #define HAVE_DIRENT_H 1
| #define HAVE_SYS_WAIT_H 1
| #define STDC_HEADERS 1
| #define HAVE_SYS_TYPES_H 1
| #define HAVE_SYS_STAT_H 1
| #define HAVE_STDLIB_H 1
| #define HAVE_STRING_H 1
| #define HAVE_MEMORY_H 1
| #define HAVE_STRINGS_H 1
| #define HAVE_INTTYPES_H 1
| #define HAVE_STDINT_H 1
| #define HAVE_UNISTD_H 1
| #define HAVE_FCNTL_H 1
| #define HAVE_LIMITS_H 1
| #define HAVE_STRINGS_H 1
| #define HAVE_SYS_IOCTL_H 1
| #define HAVE_SYS_TIME_H 1
| #define HAVE_UNISTD_H 1
| #define HAVE_SCHED_H 1
| #define HAVE_SYS_PARAM_H 1
| #define HAVE_SYS_SYSCTL_H 1
| /* end confdefs.h.  */
| #include <uvm/uvm_param.h>
configure:4089: result: no
configure:4089: checking for uvm/uvm_param.h
configure:4089: result: no
configure:4103: checking libgen.h usability
configure:4103: g++ -c -fpermissive -Wall -Wpointer-arith -Wconversion -Wwrite-strings -Winline -Woverloaded-virtual -W -fno-exceptions -fno-rtti -g -O2  conftest.cpp >&5
configure:4103: $? = 0
configure:4103: result: yes
configure:4103: checking libgen.h presence
configure:4103: g++ -E  conftest.cpp
configure:4103: $? = 0
configure:4103: result: yes
configure:4103: checking for libgen.h
configure:4103: result: yes
configure:4114: checking machine/apmvar.h usability
configure:4114: g++ -c -fpermissive -Wall -Wpointer-arith -Wconversion -Wwrite-strings -Winline -Woverloaded-virtual -W -fno-exceptions -fno-rtti -g -O2  conftest.cpp >&5
conftest.cpp:64:28: error: machine/apmvar.h: No such file or directory
configure:4114: $? = 1
configure: failed program was:
| /* confdefs.h */
| #define PACKAGE_NAME ""
| #define PACKAGE_TARNAME ""
| #define PACKAGE_VERSION ""
| #define PACKAGE_STRING ""
| #define PACKAGE_BUGREPORT ""
| #define PACKAGE_URL ""
| #define HAVE_DIRENT_H 1
| #define HAVE_SYS_WAIT_H 1
| #define STDC_HEADERS 1
| #define HAVE_SYS_TYPES_H 1
| #define HAVE_SYS_STAT_H 1
| #define HAVE_STDLIB_H 1
| #define HAVE_STRING_H 1
| #define HAVE_MEMORY_H 1
| #define HAVE_STRINGS_H 1
| #define HAVE_INTTYPES_H 1
| #define HAVE_STDINT_H 1
| #define HAVE_UNISTD_H 1
| #define HAVE_FCNTL_H 1
| #define HAVE_LIMITS_H 1
| #define HAVE_STRINGS_H 1
| #define HAVE_SYS_IOCTL_H 1
| #define HAVE_SYS_TIME_H 1
| #define HAVE_UNISTD_H 1
| #define HAVE_SCHED_H 1
| #define HAVE_SYS_PARAM_H 1
| #define HAVE_SYS_SYSCTL_H 1
| #define HAVE_LIBGEN_H 1
| /* end confdefs.h.  */
| #include <stdio.h>
| #ifdef HAVE_SYS_TYPES_H
| # include <sys/types.h>
| #endif
| #ifdef HAVE_SYS_STAT_H
| # include <sys/stat.h>
| #endif
| #ifdef STDC_HEADERS
| # include <stdlib.h>
| # include <stddef.h>
| #else
| # ifdef HAVE_STDLIB_H
| #  include <stdlib.h>
| # endif
| #endif
| #ifdef HAVE_STRING_H
| # if !defined STDC_HEADERS && defined HAVE_MEMORY_H
| #  include <memory.h>
| # endif
| # include <string.h>
| #endif
| #ifdef HAVE_STRINGS_H
| # include <strings.h>
| #endif
| #ifdef HAVE_INTTYPES_H
| # include <inttypes.h>
| #endif
| #ifdef HAVE_STDINT_H
| # include <stdint.h>
| #endif
| #ifdef HAVE_UNISTD_H
| # include <unistd.h>
| #endif
| #include <machine/apmvar.h>
configure:4114: result: no
configure:4114: checking machine/apmvar.h presence
configure:4114: g++ -E  conftest.cpp
conftest.cpp:31:28: error: machine/apmvar.h: No such file or directory
configure:4114: $? = 1
configure: failed program was:
| /* confdefs.h */
| #define PACKAGE_NAME ""
| #define PACKAGE_TARNAME ""
| #define PACKAGE_VERSION ""
| #define PACKAGE_STRING ""
| #define PACKAGE_BUGREPORT ""
| #define PACKAGE_URL ""
| #define HAVE_DIRENT_H 1
| #define HAVE_SYS_WAIT_H 1
| #define STDC_HEADERS 1
| #define HAVE_SYS_TYPES_H 1
| #define HAVE_SYS_STAT_H 1
| #define HAVE_STDLIB_H 1
| #define HAVE_STRING_H 1
| #define HAVE_MEMORY_H 1
| #define HAVE_STRINGS_H 1
| #define HAVE_INTTYPES_H 1
| #define HAVE_STDINT_H 1
| #define HAVE_UNISTD_H 1
| #define HAVE_FCNTL_H 1
| #define HAVE_LIMITS_H 1
| #define HAVE_STRINGS_H 1
| #define HAVE_SYS_IOCTL_H 1
| #define HAVE_SYS_TIME_H 1
| #define HAVE_UNISTD_H 1
| #define HAVE_SCHED_H 1
| #define HAVE_SYS_PARAM_H 1
| #define HAVE_SYS_SYSCTL_H 1
| #define HAVE_LIBGEN_H 1
| /* end confdefs.h.  */
| #include <machine/apmvar.h>
configure:4114: result: no
configure:4114: checking for machine/apmvar.h
configure:4114: result: no
configure:4126: checking machine/apm_bios.h usability
configure:4126: g++ -c -fpermissive -Wall -Wpointer-arith -Wconversion -Wwrite-strings -Winline -Woverloaded-virtual -W -fno-exceptions -fno-rtti -g -O2  conftest.cpp >&5
conftest.cpp:64:30: error: machine/apm_bios.h: No such file or directory
configure:4126: $? = 1
configure: failed program was:
| /* confdefs.h */
| #define PACKAGE_NAME ""
| #define PACKAGE_TARNAME ""
| #define PACKAGE_VERSION ""
| #define PACKAGE_STRING ""
| #define PACKAGE_BUGREPORT ""
| #define PACKAGE_URL ""
| #define HAVE_DIRENT_H 1
| #define HAVE_SYS_WAIT_H 1
| #define STDC_HEADERS 1
| #define HAVE_SYS_TYPES_H 1
| #define HAVE_SYS_STAT_H 1
| #define HAVE_STDLIB_H 1
| #define HAVE_STRING_H 1
| #define HAVE_MEMORY_H 1
| #define HAVE_STRINGS_H 1
| #define HAVE_INTTYPES_H 1
| #define HAVE_STDINT_H 1
| #define HAVE_UNISTD_H 1
| #define HAVE_FCNTL_H 1
| #define HAVE_LIMITS_H 1
| #define HAVE_STRINGS_H 1
| #define HAVE_SYS_IOCTL_H 1
| #define HAVE_SYS_TIME_H 1
| #define HAVE_UNISTD_H 1
| #define HAVE_SCHED_H 1
| #define HAVE_SYS_PARAM_H 1
| #define HAVE_SYS_SYSCTL_H 1
| #define HAVE_LIBGEN_H 1
| /* end confdefs.h.  */
| #include <stdio.h>
| #ifdef HAVE_SYS_TYPES_H
| # include <sys/types.h>
| #endif
| #ifdef HAVE_SYS_STAT_H
| # include <sys/stat.h>
| #endif
| #ifdef STDC_HEADERS
| # include <stdlib.h>
| # include <stddef.h>
| #else
| # ifdef HAVE_STDLIB_H
| #  include <stdlib.h>
| # endif
| #endif
| #ifdef HAVE_STRING_H
| # if !defined STDC_HEADERS && defined HAVE_MEMORY_H
| #  include <memory.h>
| # endif
| # include <string.h>
| #endif
| #ifdef HAVE_STRINGS_H
| # include <strings.h>
| #endif
| #ifdef HAVE_INTTYPES_H
| # include <inttypes.h>
| #endif
| #ifdef HAVE_STDINT_H
| # include <stdint.h>
| #endif
| #ifdef HAVE_UNISTD_H
| # include <unistd.h>
| #endif
| #include <machine/apm_bios.h>
configure:4126: result: no
configure:4126: checking machine/apm_bios.h presence
configure:4126: g++ -E  conftest.cpp
conftest.cpp:31:30: error: machine/apm_bios.h: No such file or directory
configure:4126: $? = 1
configure: failed program was:
| /* confdefs.h */
| #define PACKAGE_NAME ""
| #define PACKAGE_TARNAME ""
| #define PACKAGE_VERSION ""
| #define PACKAGE_STRING ""
| #define PACKAGE_BUGREPORT ""
| #define PACKAGE_URL ""
| #define HAVE_DIRENT_H 1
| #define HAVE_SYS_WAIT_H 1
| #define STDC_HEADERS 1
| #define HAVE_SYS_TYPES_H 1
| #define HAVE_SYS_STAT_H 1
| #define HAVE_STDLIB_H 1
| #define HAVE_STRING_H 1
| #define HAVE_MEMORY_H 1
| #define HAVE_STRINGS_H 1
| #define HAVE_INTTYPES_H 1
| #define HAVE_STDINT_H 1
| #define HAVE_UNISTD_H 1
| #define HAVE_FCNTL_H 1
| #define HAVE_LIMITS_H 1
| #define HAVE_STRINGS_H 1
| #define HAVE_SYS_IOCTL_H 1
| #define HAVE_SYS_TIME_H 1
| #define HAVE_UNISTD_H 1
| #define HAVE_SCHED_H 1
| #define HAVE_SYS_PARAM_H 1
| #define HAVE_SYS_SYSCTL_H 1
| #define HAVE_LIBGEN_H 1
| /* end confdefs.h.  */
| #include <machine/apm_bios.h>
configure:4126: result: no
configure:4126: checking for machine/apm_bios.h
configure:4126: result: no
configure:4139: checking kstat.h usability
configure:4139: g++ -c -fpermissive -Wall -Wpointer-arith -Wconversion -Wwrite-strings -Winline -Woverloaded-virtual -W -fno-exceptions -fno-rtti -g -O2  conftest.cpp >&5
conftest.cpp:64:19: error: kstat.h: No such file or directory
configure:4139: $? = 1
configure: failed program was:
| /* confdefs.h */
| #define PACKAGE_NAME ""
| #define PACKAGE_TARNAME ""
| #define PACKAGE_VERSION ""
| #define PACKAGE_STRING ""
| #define PACKAGE_BUGREPORT ""
| #define PACKAGE_URL ""
| #define HAVE_DIRENT_H 1
| #define HAVE_SYS_WAIT_H 1
| #define STDC_HEADERS 1
| #define HAVE_SYS_TYPES_H 1
| #define HAVE_SYS_STAT_H 1
| #define HAVE_STDLIB_H 1
| #define HAVE_STRING_H 1
| #define HAVE_MEMORY_H 1
| #define HAVE_STRINGS_H 1
| #define HAVE_INTTYPES_H 1
| #define HAVE_STDINT_H 1
| #define HAVE_UNISTD_H 1
| #define HAVE_FCNTL_H 1
| #define HAVE_LIMITS_H 1
| #define HAVE_STRINGS_H 1
| #define HAVE_SYS_IOCTL_H 1
| #define HAVE_SYS_TIME_H 1
| #define HAVE_UNISTD_H 1
| #define HAVE_SCHED_H 1
| #define HAVE_SYS_PARAM_H 1
| #define HAVE_SYS_SYSCTL_H 1
| #define HAVE_LIBGEN_H 1
| /* end confdefs.h.  */
| #include <stdio.h>
| #ifdef HAVE_SYS_TYPES_H
| # include <sys/types.h>
| #endif
| #ifdef HAVE_SYS_STAT_H
| # include <sys/stat.h>
| #endif
| #ifdef STDC_HEADERS
| # include <stdlib.h>
| # include <stddef.h>
| #else
| # ifdef HAVE_STDLIB_H
| #  include <stdlib.h>
| # endif
| #endif
| #ifdef HAVE_STRING_H
| # if !defined STDC_HEADERS && defined HAVE_MEMORY_H
| #  include <memory.h>
| # endif
| # include <string.h>
| #endif
| #ifdef HAVE_STRINGS_H
| # include <strings.h>
| #endif
| #ifdef HAVE_INTTYPES_H
| # include <inttypes.h>
| #endif
| #ifdef HAVE_STDINT_H
| # include <stdint.h>
| #endif
| #ifdef HAVE_UNISTD_H
| # include <unistd.h>
| #endif
| #include <kstat.h>
configure:4139: result: no
configure:4139: checking kstat.h presence
configure:4139: g++ -E  conftest.cpp
conftest.cpp:31:19: error: kstat.h: No such file or directory
configure:4139: $? = 1
configure: failed program was:
| /* confdefs.h */
| #define PACKAGE_NAME ""
| #define PACKAGE_TARNAME ""
| #define PACKAGE_VERSION ""
| #define PACKAGE_STRING ""
| #define PACKAGE_BUGREPORT ""
| #define PACKAGE_URL ""
| #define HAVE_DIRENT_H 1
| #define HAVE_SYS_WAIT_H 1
| #define STDC_HEADERS 1
| #define HAVE_SYS_TYPES_H 1
| #define HAVE_SYS_STAT_H 1
| #define HAVE_STDLIB_H 1
| #define HAVE_STRING_H 1
| #define HAVE_MEMORY_H 1
| #define HAVE_STRINGS_H 1
| #define HAVE_INTTYPES_H 1
| #define HAVE_STDINT_H 1
| #define HAVE_UNISTD_H 1
| #define HAVE_FCNTL_H 1
| #define HAVE_LIMITS_H 1
| #define HAVE_STRINGS_H 1
| #define HAVE_SYS_IOCTL_H 1
| #define HAVE_SYS_TIME_H 1
| #define HAVE_UNISTD_H 1
| #define HAVE_SCHED_H 1
| #define HAVE_SYS_PARAM_H 1
| #define HAVE_SYS_SYSCTL_H 1
| #define HAVE_LIBGEN_H 1
| /* end confdefs.h.  */
| #include <kstat.h>
configure:4139: result: no
configure:4139: checking for kstat.h
configure:4139: result: no
configure:4175: checking for size_t
configure:4175: g++ -c -fpermissive -Wall -Wpointer-arith -Wconversion -Wwrite-strings -Winline -Woverloaded-virtual -W -fno-exceptions -fno-rtti -g -O2  conftest.cpp >&5
configure:4175: $? = 0
configure:4175: g++ -c -fpermissive -Wall -Wpointer-arith -Wconversion -Wwrite-strings -Winline -Woverloaded-virtual -W -fno-exceptions -fno-rtti -g -O2  conftest.cpp >&5
conftest.cpp: In function 'int main()':
conftest.cpp:67: error: expected primary-expression before ')' token
configure:4175: $? = 1
configure: failed program was:
| /* confdefs.h */
| #define PACKAGE_NAME ""
| #define PACKAGE_TARNAME ""
| #define PACKAGE_VERSION ""
| #define PACKAGE_STRING ""
| #define PACKAGE_BUGREPORT ""
| #define PACKAGE_URL ""
| #define HAVE_DIRENT_H 1
| #define HAVE_SYS_WAIT_H 1
| #define STDC_HEADERS 1
| #define HAVE_SYS_TYPES_H 1
| #define HAVE_SYS_STAT_H 1
| #define HAVE_STDLIB_H 1
| #define HAVE_STRING_H 1
| #define HAVE_MEMORY_H 1
| #define HAVE_STRINGS_H 1
| #define HAVE_INTTYPES_H 1
| #define HAVE_STDINT_H 1
| #define HAVE_UNISTD_H 1
| #define HAVE_FCNTL_H 1
| #define HAVE_LIMITS_H 1
| #define HAVE_STRINGS_H 1
| #define HAVE_SYS_IOCTL_H 1
| #define HAVE_SYS_TIME_H 1
| #define HAVE_UNISTD_H 1
| #define HAVE_SCHED_H 1
| #define HAVE_SYS_PARAM_H 1
| #define HAVE_SYS_SYSCTL_H 1
| #define HAVE_LIBGEN_H 1
| /* end confdefs.h.  */
| #include <stdio.h>
| #ifdef HAVE_SYS_TYPES_H
| # include <sys/types.h>
| #endif
| #ifdef HAVE_SYS_STAT_H
| # include <sys/stat.h>
| #endif
| #ifdef STDC_HEADERS
| # include <stdlib.h>
| # include <stddef.h>
| #else
| # ifdef HAVE_STDLIB_H
| #  include <stdlib.h>
| # endif
| #endif
| #ifdef HAVE_STRING_H
| # if !defined STDC_HEADERS && defined HAVE_MEMORY_H
| #  include <memory.h>
| # endif
| # include <string.h>
| #endif
| #ifdef HAVE_STRINGS_H
| # include <strings.h>
| #endif
| #ifdef HAVE_INTTYPES_H
| # include <inttypes.h>
| #endif
| #ifdef HAVE_STDINT_H
| # include <stdint.h>
| #endif
| #ifdef HAVE_UNISTD_H
| # include <unistd.h>
| #endif
| int
| main ()
| {
| if (sizeof ((size_t)))
| 	    return 0;
|   ;
|   return 0;
| }
configure:4175: result: yes
configure:4186: checking whether time.h and sys/time.h may both be included
configure:4206: g++ -c -fpermissive -Wall -Wpointer-arith -Wconversion -Wwrite-strings -Winline -Woverloaded-virtual -W -fno-exceptions -fno-rtti -g -O2  conftest.cpp >&5
configure:4206: $? = 0
configure:4213: result: yes
configure:4221: checking whether struct tm is in sys/time.h or time.h
configure:4241: g++ -c -fpermissive -Wall -Wpointer-arith -Wconversion -Wwrite-strings -Winline -Woverloaded-virtual -W -fno-exceptions -fno-rtti -g -O2  conftest.cpp >&5
configure:4241: $? = 0
configure:4248: result: time.h
configure:4261: checking size of char
configure:4266: g++ -o conftest -fpermissive -Wall -Wpointer-arith -Wconversion -Wwrite-strings -Winline -Woverloaded-virtual -W -fno-exceptions -fno-rtti -g -O2  -L/usr/local/lib -Wl,-rpath-link,/usr/local/lib -Wl,-rpath,/usr/local/lib conftest.cpp  >&5
configure:4266: $? = 0
configure:4266: ./conftest
configure:4266: $? = 0
configure:4281: result: 1
configure:4295: checking size of short
configure:4300: g++ -o conftest -fpermissive -Wall -Wpointer-arith -Wconversion -Wwrite-strings -Winline -Woverloaded-virtual -W -fno-exceptions -fno-rtti -g -O2  -L/usr/local/lib -Wl,-rpath-link,/usr/local/lib -Wl,-rpath,/usr/local/lib conftest.cpp  >&5
configure:4300: $? = 0
configure:4300: ./conftest
configure:4300: $? = 0
configure:4315: result: 2
configure:4329: checking size of int
configure:4334: g++ -o conftest -fpermissive -Wall -Wpointer-arith -Wconversion -Wwrite-strings -Winline -Woverloaded-virtual -W -fno-exceptions -fno-rtti -g -O2  -L/usr/local/lib -Wl,-rpath-link,/usr/local/lib -Wl,-rpath,/usr/local/lib conftest.cpp  >&5
configure:4334: $? = 0
configure:4334: ./conftest
configure:4334: $? = 0
configure:4349: result: 4
configure:4363: checking size of long
configure:4368: g++ -o conftest -fpermissive -Wall -Wpointer-arith -Wconversion -Wwrite-strings -Winline -Woverloaded-virtual -W -fno-exceptions -fno-rtti -g -O2  -L/usr/local/lib -Wl,-rpath-link,/usr/local/lib -Wl,-rpath,/usr/local/lib conftest.cpp  >&5
configure:4368: $? = 0
configure:4368: ./conftest
configure:4368: $? = 0
configure:4383: result: 4
configure:4394: checking return type of signal handlers
configure:4412: g++ -c -fpermissive -Wall -Wpointer-arith -Wconversion -Wwrite-strings -Winline -Woverloaded-virtual -W -fno-exceptions -fno-rtti -g -O2  conftest.cpp >&5
conftest.cpp: In function 'int main()':
conftest.cpp:42: error: void value not ignored as it ought to be
configure:4412: $? = 1
configure: failed program was:
| /* confdefs.h */
| #define PACKAGE_NAME ""
| #define PACKAGE_TARNAME ""
| #define PACKAGE_VERSION ""
| #define PACKAGE_STRING ""
| #define PACKAGE_BUGREPORT ""
| #define PACKAGE_URL ""
| #define HAVE_DIRENT_H 1
| #define HAVE_SYS_WAIT_H 1
| #define STDC_HEADERS 1
| #define HAVE_SYS_TYPES_H 1
| #define HAVE_SYS_STAT_H 1
| #define HAVE_STDLIB_H 1
| #define HAVE_STRING_H 1
| #define HAVE_MEMORY_H 1
| #define HAVE_STRINGS_H 1
| #define HAVE_INTTYPES_H 1
| #define HAVE_STDINT_H 1
| #define HAVE_UNISTD_H 1
| #define HAVE_FCNTL_H 1
| #define HAVE_LIMITS_H 1
| #define HAVE_STRINGS_H 1
| #define HAVE_SYS_IOCTL_H 1
| #define HAVE_SYS_TIME_H 1
| #define HAVE_UNISTD_H 1
| #define HAVE_SCHED_H 1
| #define HAVE_SYS_PARAM_H 1
| #define HAVE_SYS_SYSCTL_H 1
| #define HAVE_LIBGEN_H 1
| #define TIME_WITH_SYS_TIME 1
| #define SIZEOF_CHAR 1
| #define SIZEOF_SHORT 2
| #define SIZEOF_INT 4
| #define SIZEOF_LONG 4
| /* end confdefs.h.  */
| #include <sys/types.h>
| #include <signal.h>
| 
| int
| main ()
| {
| return *(signal (0, 0)) (0) == 1;
|   ;
|   return 0;
| }
configure:4419: result: void
configure:4429: checking for strftime
configure:4429: g++ -o conftest -fpermissive -Wall -Wpointer-arith -Wconversion -Wwrite-strings -Winline -Woverloaded-virtual -W -fno-exceptions -fno-rtti -g -O2  -L/usr/local/lib -Wl,-rpath-link,/usr/local/lib -Wl,-rpath,/usr/local/lib conftest.cpp  >&5
configure:4429: $? = 0
configure:4429: result: yes
configure:4484: checking for vprintf
configure:4484: g++ -o conftest -fpermissive -Wall -Wpointer-arith -Wconversion -Wwrite-strings -Winline -Woverloaded-virtual -W -fno-exceptions -fno-rtti -g -O2  -L/usr/local/lib -Wl,-rpath-link,/usr/local/lib -Wl,-rpath,/usr/local/lib conftest.cpp  >&5
configure:4484: $? = 0
configure:4484: result: yes
configure:4490: checking for _doprnt
configure:4490: g++ -o conftest -fpermissive -Wall -Wpointer-arith -Wconversion -Wwrite-strings -Winline -Woverloaded-virtual -W -fno-exceptions -fno-rtti -g -O2  -L/usr/local/lib -Wl,-rpath-link,/usr/local/lib -Wl,-rpath,/usr/local/lib conftest.cpp  >&5
/tmp/ccu423yp.o: In function `main':
/home/shivaram/icewm/icewm-1.2.37/conftest.cpp:73: undefined reference to `_doprnt'
collect2: ld returned 1 exit status
configure:4490: $? = 1
configure: failed program was:
| /* confdefs.h */
| #define PACKAGE_NAME ""
| #define PACKAGE_TARNAME ""
| #define PACKAGE_VERSION ""
| #define PACKAGE_STRING ""
| #define PACKAGE_BUGREPORT ""
| #define PACKAGE_URL ""
| #define HAVE_DIRENT_H 1
| #define HAVE_SYS_WAIT_H 1
| #define STDC_HEADERS 1
| #define HAVE_SYS_TYPES_H 1
| #define HAVE_SYS_STAT_H 1
| #define HAVE_STDLIB_H 1
| #define HAVE_STRING_H 1
| #define HAVE_MEMORY_H 1
| #define HAVE_STRINGS_H 1
| #define HAVE_INTTYPES_H 1
| #define HAVE_STDINT_H 1
| #define HAVE_UNISTD_H 1
| #define HAVE_FCNTL_H 1
| #define HAVE_LIMITS_H 1
| #define HAVE_STRINGS_H 1
| #define HAVE_SYS_IOCTL_H 1
| #define HAVE_SYS_TIME_H 1
| #define HAVE_UNISTD_H 1
| #define HAVE_SCHED_H 1
| #define HAVE_SYS_PARAM_H 1
| #define HAVE_SYS_SYSCTL_H 1
| #define HAVE_LIBGEN_H 1
| #define TIME_WITH_SYS_TIME 1
| #define SIZEOF_CHAR 1
| #define SIZEOF_SHORT 2
| #define SIZEOF_INT 4
| #define SIZEOF_LONG 4
| #define RETSIGTYPE void
| #define HAVE_STRFTIME 1
| #define HAVE_VPRINTF 1
| /* end confdefs.h.  */
| /* Define _doprnt to an innocuous variant, in case <limits.h> declares _doprnt.
|    For example, HP-UX 11i <limits.h> declares gettimeofday.  */
| #define _doprnt innocuous__doprnt
| 
| /* System header to define __stub macros and hopefully few prototypes,
|     which can conflict with char _doprnt (); below.
|     Prefer <limits.h> to <assert.h> if __STDC__ is defined, since
|     <limits.h> exists even on freestanding compilers.  */
| 
| #ifdef __STDC__
| # include <limits.h>
| #else
| # include <assert.h>
| #endif
| 
| #undef _doprnt
| 
| /* Override any GCC internal prototype to avoid an error.
|    Use char because int might match the return type of a GCC
|    builtin and then its argument prototype would still apply.  */
| #ifdef __cplusplus
| extern "C"
| #endif
| char _doprnt ();
| /* The GNU C library defines this for functions which it implements
|     to always fail with ENOSYS.  Some functions are actually named
|     something starting with __ and the normal name is an alias.  */
| #if defined __stub__doprnt || defined __stub____doprnt
| choke me
| #endif
| 
| int
| main ()
| {
| return _doprnt ();
|   ;
|   return 0;
| }
configure:4490: result: no
configure:4504: checking for gettimeofday
configure:4504: g++ -o conftest -fpermissive -Wall -Wpointer-arith -Wconversion -Wwrite-strings -Winline -Woverloaded-virtual -W -fno-exceptions -fno-rtti -g -O2  -L/usr/local/lib -Wl,-rpath-link,/usr/local/lib -Wl,-rpath,/usr/local/lib conftest.cpp  >&5
configure:4504: $? = 0
configure:4504: result: yes
configure:4504: checking for putenv
configure:4504: g++ -o conftest -fpermissive -Wall -Wpointer-arith -Wconversion -Wwrite-strings -Winline -Woverloaded-virtual -W -fno-exceptions -fno-rtti -g -O2  -L/usr/local/lib -Wl,-rpath-link,/usr/local/lib -Wl,-rpath,/usr/local/lib conftest.cpp  >&5
configure:4504: $? = 0
configure:4504: result: yes
configure:4504: checking for select
configure:4504: g++ -o conftest -fpermissive -Wall -Wpointer-arith -Wconversion -Wwrite-strings -Winline -Woverloaded-virtual -W -fno-exceptions -fno-rtti -g -O2  -L/usr/local/lib -Wl,-rpath-link,/usr/local/lib -Wl,-rpath,/usr/local/lib conftest.cpp  >&5
configure:4504: $? = 0
configure:4504: result: yes
configure:4504: checking for socket
configure:4504: g++ -o conftest -fpermissive -Wall -Wpointer-arith -Wconversion -Wwrite-strings -Winline -Woverloaded-virtual -W -fno-exceptions -fno-rtti -g -O2  -L/usr/local/lib -Wl,-rpath-link,/usr/local/lib -Wl,-rpath,/usr/local/lib conftest.cpp  >&5
configure:4504: $? = 0
configure:4504: result: yes
configure:4504: checking for strtol
configure:4504: g++ -o conftest -fpermissive -Wall -Wpointer-arith -Wconversion -Wwrite-strings -Winline -Woverloaded-virtual -W -fno-exceptions -fno-rtti -g -O2  -L/usr/local/lib -Wl,-rpath-link,/usr/local/lib -Wl,-rpath,/usr/local/lib conftest.cpp  >&5
configure:4504: $? = 0
configure:4504: result: yes
configure:4504: checking for strtoul
configure:4504: g++ -o conftest -fpermissive -Wall -Wpointer-arith -Wconversion -Wwrite-strings -Winline -Woverloaded-virtual -W -fno-exceptions -fno-rtti -g -O2  -L/usr/local/lib -Wl,-rpath-link,/usr/local/lib -Wl,-rpath,/usr/local/lib conftest.cpp  >&5
configure:4504: $? = 0
configure:4504: result: yes
configure:4504: checking for basename
configure:4504: g++ -o conftest -fpermissive -Wall -Wpointer-arith -Wconversion -Wwrite-strings -Winline -Woverloaded-virtual -W -fno-exceptions -fno-rtti -g -O2  -L/usr/local/lib -Wl,-rpath-link,/usr/local/lib -Wl,-rpath,/usr/local/lib conftest.cpp  >&5
configure:4504: $? = 0
configure:4504: result: yes
configure:4516: checking for sysctlbyname
configure:4516: g++ -o conftest -fpermissive -Wall -Wpointer-arith -Wconversion -Wwrite-strings -Winline -Woverloaded-virtual -W -fno-exceptions -fno-rtti -g -O2  -L/usr/local/lib -Wl,-rpath-link,/usr/local/lib -Wl,-rpath,/usr/local/lib conftest.cpp  >&5
/tmp/ccIJdnqg.o: In function `main':
/home/shivaram/icewm/icewm-1.2.37/conftest.cpp:80: undefined reference to `sysctlbyname'
collect2: ld returned 1 exit status
configure:4516: $? = 1
configure: failed program was:
| /* confdefs.h */
| #define PACKAGE_NAME ""
| #define PACKAGE_TARNAME ""
| #define PACKAGE_VERSION ""
| #define PACKAGE_STRING ""
| #define PACKAGE_BUGREPORT ""
| #define PACKAGE_URL ""
| #define HAVE_DIRENT_H 1
| #define HAVE_SYS_WAIT_H 1
| #define STDC_HEADERS 1
| #define HAVE_SYS_TYPES_H 1
| #define HAVE_SYS_STAT_H 1
| #define HAVE_STDLIB_H 1
| #define HAVE_STRING_H 1
| #define HAVE_MEMORY_H 1
| #define HAVE_STRINGS_H 1
| #define HAVE_INTTYPES_H 1
| #define HAVE_STDINT_H 1
| #define HAVE_UNISTD_H 1
| #define HAVE_FCNTL_H 1
| #define HAVE_LIMITS_H 1
| #define HAVE_STRINGS_H 1
| #define HAVE_SYS_IOCTL_H 1
| #define HAVE_SYS_TIME_H 1
| #define HAVE_UNISTD_H 1
| #define HAVE_SCHED_H 1
| #define HAVE_SYS_PARAM_H 1
| #define HAVE_SYS_SYSCTL_H 1
| #define HAVE_LIBGEN_H 1
| #define TIME_WITH_SYS_TIME 1
| #define SIZEOF_CHAR 1
| #define SIZEOF_SHORT 2
| #define SIZEOF_INT 4
| #define SIZEOF_LONG 4
| #define RETSIGTYPE void
| #define HAVE_STRFTIME 1
| #define HAVE_VPRINTF 1
| #define HAVE_GETTIMEOFDAY 1
| #define HAVE_PUTENV 1
| #define HAVE_SELECT 1
| #define HAVE_SOCKET 1
| #define HAVE_STRTOL 1
| #define HAVE_STRTOUL 1
| #define HAVE_BASENAME 1
| /* end confdefs.h.  */
| /* Define sysctlbyname to an innocuous variant, in case <limits.h> declares sysctlbyname.
|    For example, HP-UX 11i <limits.h> declares gettimeofday.  */
| #define sysctlbyname innocuous_sysctlbyname
| 
| /* System header to define __stub macros and hopefully few prototypes,
|     which can conflict with char sysctlbyname (); below.
|     Prefer <limits.h> to <assert.h> if __STDC__ is defined, since
|     <limits.h> exists even on freestanding compilers.  */
| 
| #ifdef __STDC__
| # include <limits.h>
| #else
| # include <assert.h>
| #endif
| 
| #undef sysctlbyname
| 
| /* Override any GCC internal prototype to avoid an error.
|    Use char because int might match the return type of a GCC
|    builtin and then its argument prototype would still apply.  */
| #ifdef __cplusplus
| extern "C"
| #endif
| char sysctlbyname ();
| /* The GNU C library defines this for functions which it implements
|     to always fail with ENOSYS.  Some functions are actually named
|     something starting with __ and the normal name is an alias.  */
| #if defined __stub_sysctlbyname || defined __stub___sysctlbyname
| choke me
| #endif
| 
| int
| main ()
| {
| return sysctlbyname ();
|   ;
|   return 0;
| }
configure:4516: result: no
configure:4528: checking sys/select.h usability
configure:4528: g++ -c -fpermissive -Wall -Wpointer-arith -Wconversion -Wwrite-strings -Winline -Woverloaded-virtual -W -fno-exceptions -fno-rtti -g -O2  conftest.cpp >&5
configure:4528: $? = 0
configure:4528: result: yes
configure:4528: checking sys/select.h presence
configure:4528: g++ -E  conftest.cpp
configure:4528: $? = 0
configure:4528: result: yes
configure:4528: checking for sys/select.h
configure:4528: result: yes
configure:4528: checking sys/socket.h usability
configure:4528: g++ -c -fpermissive -Wall -Wpointer-arith -Wconversion -Wwrite-strings -Winline -Woverloaded-virtual -W -fno-exceptions -fno-rtti -g -O2  conftest.cpp >&5
configure:4528: $? = 0
configure:4528: result: yes
configure:4528: checking sys/socket.h presence
configure:4528: g++ -E  conftest.cpp
configure:4528: $? = 0
configure:4528: result: yes
configure:4528: checking for sys/socket.h
configure:4528: result: yes
configure:4539: checking types of arguments for select
configure:4567: g++ -c -fpermissive -Wall -Wpointer-arith -Wconversion -Wwrite-strings -Winline -Woverloaded-virtual -W -fno-exceptions -fno-rtti -g -O2  conftest.cpp >&5
configure:4567: $? = 0
configure:4578: result: int,fd_set *,struct timeval *
configure:4602: checking for getloadavg
configure:4615: g++ -o conftest -fpermissive -Wall -Wpointer-arith -Wconversion -Wwrite-strings -Winline -Woverloaded-virtual -W -fno-exceptions -fno-rtti -g -O2  -L/usr/local/lib -Wl,-rpath-link,/usr/local/lib -Wl,-rpath,/usr/local/lib conftest.cpp  >&5
conftest.cpp: In function 'int main()':
conftest.cpp:55: warning: value computed is not used
configure:4615: $? = 0
configure:4616: result: yes
configure:4628: checking for kern.cp_time
configure:4637: result: no
configure:4641: checking for X
configure:4749: g++ -E  conftest.cpp
configure:4749: $? = 0
configure:4780: g++ -o conftest -fpermissive -Wall -Wpointer-arith -Wconversion -Wwrite-strings -Winline -Woverloaded-virtual -W -fno-exceptions -fno-rtti -g -O2  -L/usr/local/lib -Wl,-rpath-link,/usr/local/lib -Wl,-rpath,/usr/local/lib conftest.cpp -lX11  >&5
configure:4780: $? = 0
configure:4830: result: libraries , headers 
configure:4929: g++ -o conftest -fpermissive -Wall -Wpointer-arith -Wconversion -Wwrite-strings -Winline -Woverloaded-virtual -W -fno-exceptions -fno-rtti -g -O2  -L/usr/local/lib -Wl,-rpath-link,/usr/local/lib -Wl,-rpath,/usr/local/lib conftest.cpp   -lX11 >&5
configure:4929: $? = 0
configure:5027: checking for gethostbyname
configure:5027: g++ -o conftest -fpermissive -Wall -Wpointer-arith -Wconversion -Wwrite-strings -Winline -Woverloaded-virtual -W -fno-exceptions -fno-rtti -g -O2  -L/usr/local/lib -Wl,-rpath-link,/usr/local/lib -Wl,-rpath,/usr/local/lib conftest.cpp  >&5
configure:5027: $? = 0
configure:5027: result: yes
configure:5124: checking for connect
configure:5124: g++ -o conftest -fpermissive -Wall -Wpointer-arith -Wconversion -Wwrite-strings -Winline -Woverloaded-virtual -W -fno-exceptions -fno-rtti -g -O2  -L/usr/local/lib -Wl,-rpath-link,/usr/local/lib -Wl,-rpath,/usr/local/lib conftest.cpp  >&5
configure:5124: $? = 0
configure:5124: result: yes
configure:5173: checking for remove
configure:5173: g++ -o conftest -fpermissive -Wall -Wpointer-arith -Wconversion -Wwrite-strings -Winline -Woverloaded-virtual -W -fno-exceptions -fno-rtti -g -O2  -L/usr/local/lib -Wl,-rpath-link,/usr/local/lib -Wl,-rpath,/usr/local/lib conftest.cpp  >&5
configure:5173: $? = 0
configure:5173: result: yes
configure:5222: checking for shmat
configure:5222: g++ -o conftest -fpermissive -Wall -Wpointer-arith -Wconversion -Wwrite-strings -Winline -Woverloaded-virtual -W -fno-exceptions -fno-rtti -g -O2  -L/usr/local/lib -Wl,-rpath-link,/usr/local/lib -Wl,-rpath,/usr/local/lib conftest.cpp  >&5
configure:5222: $? = 0
configure:5222: result: yes
configure:5280: checking for IceConnectionNumber in -lICE
configure:5305: g++ -o conftest -fpermissive -Wall -Wpointer-arith -Wconversion -Wwrite-strings -Winline -Woverloaded-virtual -W -fno-exceptions -fno-rtti -g -O2  -L/usr/local/lib -Wl,-rpath-link,/usr/local/lib -Wl,-rpath,/usr/local/lib conftest.cpp -lICE   >&5
/srv/cs523/cross_compile/toolchain/arm-2007q3/bin/arm-none-linux-gnueabi-ld: cannot find -lICE
collect2: ld returned 1 exit status
configure:5305: $? = 1
configure: failed program was:
| /* confdefs.h */
| #define PACKAGE_NAME ""
| #define PACKAGE_TARNAME ""
| #define PACKAGE_VERSION ""
| #define PACKAGE_STRING ""
| #define PACKAGE_BUGREPORT ""
| #define PACKAGE_URL ""
| #define HAVE_DIRENT_H 1
| #define HAVE_SYS_WAIT_H 1
| #define STDC_HEADERS 1
| #define HAVE_SYS_TYPES_H 1
| #define HAVE_SYS_STAT_H 1
| #define HAVE_STDLIB_H 1
| #define HAVE_STRING_H 1
| #define HAVE_MEMORY_H 1
| #define HAVE_STRINGS_H 1
| #define HAVE_INTTYPES_H 1
| #define HAVE_STDINT_H 1
| #define HAVE_UNISTD_H 1
| #define HAVE_FCNTL_H 1
| #define HAVE_LIMITS_H 1
| #define HAVE_STRINGS_H 1
| #define HAVE_SYS_IOCTL_H 1
| #define HAVE_SYS_TIME_H 1
| #define HAVE_UNISTD_H 1
| #define HAVE_SCHED_H 1
| #define HAVE_SYS_PARAM_H 1
| #define HAVE_SYS_SYSCTL_H 1
| #define HAVE_LIBGEN_H 1
| #define TIME_WITH_SYS_TIME 1
| #define SIZEOF_CHAR 1
| #define SIZEOF_SHORT 2
| #define SIZEOF_INT 4
| #define SIZEOF_LONG 4
| #define RETSIGTYPE void
| #define HAVE_STRFTIME 1
| #define HAVE_VPRINTF 1
| #define HAVE_GETTIMEOFDAY 1
| #define HAVE_PUTENV 1
| #define HAVE_SELECT 1
| #define HAVE_SOCKET 1
| #define HAVE_STRTOL 1
| #define HAVE_STRTOUL 1
| #define HAVE_BASENAME 1
| #define HAVE_SYS_SELECT_H 1
| #define HAVE_SYS_SOCKET_H 1
| #define SELECT_TYPE_ARG1 int
| #define SELECT_TYPE_ARG234 (fd_set *)
| #define SELECT_TYPE_ARG5 (struct timeval *)
| #define HAVE_GETLOADAVG2 1
| /* end confdefs.h.  */
| 
| /* Override any GCC internal prototype to avoid an error.
|    Use char because int might match the return type of a GCC
|    builtin and then its argument prototype would still apply.  */
| #ifdef __cplusplus
| extern "C"
| #endif
| char IceConnectionNumber ();
| int
| main ()
| {
| return IceConnectionNumber ();
|   ;
|   return 0;
| }
configure:5314: result: no
configure:5360: checking langinfo.h usability
configure:5360: g++ -c -fpermissive -Wall -Wpointer-arith -Wconversion -Wwrite-strings -Winline -Woverloaded-virtual -W -fno-exceptions -fno-rtti -g -O2  conftest.cpp >&5
configure:5360: $? = 0
configure:5360: result: yes
configure:5360: checking langinfo.h presence
configure:5360: g++ -E  conftest.cpp
configure:5360: $? = 0
configure:5360: result: yes
configure:5360: checking for langinfo.h
configure:5360: result: yes
configure:5373: checking for nl_langinfo
configure:5373: g++ -o conftest -fpermissive -Wall -Wpointer-arith -Wconversion -Wwrite-strings -Winline -Woverloaded-virtual -W -fno-exceptions -fno-rtti -g -O2  -L/usr/local/lib -Wl,-rpath-link,/usr/local/lib -Wl,-rpath,/usr/local/lib conftest.cpp  >&5
configure:5373: $? = 0
configure:5373: result: yes
configure:5385: checking whether nl_langinfo supports CODESET
configure:5400: g++ -c -fpermissive -Wall -Wpointer-arith -Wconversion -Wwrite-strings -Winline -Woverloaded-virtual -W -fno-exceptions -fno-rtti -g -O2  conftest.cpp >&5
configure:5400: $? = 0
configure:5401: result: yes
configure:5412: checking whether nl_langinfo supports _NL_CTYPE_CODESET_NAME
configure:5427: g++ -c -fpermissive -Wall -Wpointer-arith -Wconversion -Wwrite-strings -Winline -Woverloaded-virtual -W -fno-exceptions -fno-rtti -g -O2  conftest.cpp >&5
configure:5427: $? = 0
configure:5428: result: yes
configure:5457: checking iconv.h usability
configure:5457: g++ -c -fpermissive -Wall -Wpointer-arith -Wconversion -Wwrite-strings -Winline -Woverloaded-virtual -W -fno-exceptions -fno-rtti -g -O2  conftest.cpp >&5
configure:5457: $? = 0
configure:5457: result: yes
configure:5457: checking iconv.h presence
configure:5457: g++ -E  conftest.cpp
configure:5457: $? = 0
configure:5457: result: yes
configure:5457: checking for iconv.h
configure:5457: result: yes
configure:5478: checking whether _libiconv_version is declared
configure:5478: g++ -c -fpermissive -Wall -Wpointer-arith -Wconversion -Wwrite-strings -Winline -Woverloaded-virtual -W -fno-exceptions -fno-rtti -g -O2  conftest.cpp >&5
conftest.cpp: In function 'int main()':
conftest.cpp:61: error: '_libiconv_version' was not declared in this scope
configure:5478: $? = 1
configure: failed program was:
| /* confdefs.h */
| #define PACKAGE_NAME ""
| #define PACKAGE_TARNAME ""
| #define PACKAGE_VERSION ""
| #define PACKAGE_STRING ""
| #define PACKAGE_BUGREPORT ""
| #define PACKAGE_URL ""
| #define HAVE_DIRENT_H 1
| #define HAVE_SYS_WAIT_H 1
| #define STDC_HEADERS 1
| #define HAVE_SYS_TYPES_H 1
| #define HAVE_SYS_STAT_H 1
| #define HAVE_STDLIB_H 1
| #define HAVE_STRING_H 1
| #define HAVE_MEMORY_H 1
| #define HAVE_STRINGS_H 1
| #define HAVE_INTTYPES_H 1
| #define HAVE_STDINT_H 1
| #define HAVE_UNISTD_H 1
| #define HAVE_FCNTL_H 1
| #define HAVE_LIMITS_H 1
| #define HAVE_STRINGS_H 1
| #define HAVE_SYS_IOCTL_H 1
| #define HAVE_SYS_TIME_H 1
| #define HAVE_UNISTD_H 1
| #define HAVE_SCHED_H 1
| #define HAVE_SYS_PARAM_H 1
| #define HAVE_SYS_SYSCTL_H 1
| #define HAVE_LIBGEN_H 1
| #define TIME_WITH_SYS_TIME 1
| #define SIZEOF_CHAR 1
| #define SIZEOF_SHORT 2
| #define SIZEOF_INT 4
| #define SIZEOF_LONG 4
| #define RETSIGTYPE void
| #define HAVE_STRFTIME 1
| #define HAVE_VPRINTF 1
| #define HAVE_GETTIMEOFDAY 1
| #define HAVE_PUTENV 1
| #define HAVE_SELECT 1
| #define HAVE_SOCKET 1
| #define HAVE_STRTOL 1
| #define HAVE_STRTOUL 1
| #define HAVE_BASENAME 1
| #define HAVE_SYS_SELECT_H 1
| #define HAVE_SYS_SOCKET_H 1
| #define SELECT_TYPE_ARG1 int
| #define SELECT_TYPE_ARG234 (fd_set *)
| #define SELECT_TYPE_ARG5 (struct timeval *)
| #define HAVE_GETLOADAVG2 1
| #define HAVE_LANGINFO_H 1
| #define CONFIG_NL_CODESETS  CODESET, _NL_CTYPE_CODESET_NAME, 0
| #define HAVE_ICONV_H 1
| /* end confdefs.h.  */
| #include <iconv.h>
| 
| int
| main ()
| {
| #ifndef _libiconv_version
|   (void) _libiconv_version;
| #endif
| 
|   ;
|   return 0;
| }
configure:5478: result: no
configure:5545: result: assuming iconv.h belongs to the C library
configure:5550: checking for iconv
configure:5550: g++ -o conftest -fpermissive -Wall -Wpointer-arith -Wconversion -Wwrite-strings -Winline -Woverloaded-virtual -W -fno-exceptions -fno-rtti -g -O2  -L/usr/local/lib -Wl,-rpath-link,/usr/local/lib -Wl,-rpath,/usr/local/lib conftest.cpp  >&5
configure:5550: $? = 0
configure:5550: result: yes
configure:5550: checking for iconv_open
configure:5550: g++ -o conftest -fpermissive -Wall -Wpointer-arith -Wconversion -Wwrite-strings -Winline -Woverloaded-virtual -W -fno-exceptions -fno-rtti -g -O2  -L/usr/local/lib -Wl,-rpath-link,/usr/local/lib -Wl,-rpath,/usr/local/lib conftest.cpp  >&5
configure:5550: $? = 0
configure:5550: result: yes
configure:5550: checking for iconv_close
configure:5550: g++ -o conftest -fpermissive -Wall -Wpointer-arith -Wconversion -Wwrite-strings -Winline -Woverloaded-virtual -W -fno-exceptions -fno-rtti -g -O2  -L/usr/local/lib -Wl,-rpath-link,/usr/local/lib -Wl,-rpath,/usr/local/lib conftest.cpp  >&5
configure:5550: $? = 0
configure:5550: result: yes
configure:5591: checking whether iconv converts from UTF-8 to UCS-4//TRANSLIT
configure:5611: g++ -o conftest -fpermissive -Wall -Wpointer-arith -Wconversion -Wwrite-strings -Winline -Woverloaded-virtual -W -fno-exceptions -fno-rtti -g -O2  -L/usr/local/lib -Wl,-rpath-link,/usr/local/lib -Wl,-rpath,/usr/local/lib conftest.cpp  >&5
configure:5611: $? = 0
configure:5611: ./conftest
configure:5611: $? = 0
configure:5612: result: yes
configure:5634: checking whether iconv converts from ISO-8859-1 to UCS-4//TRANSLIT
configure:5654: g++ -o conftest -fpermissive -Wall -Wpointer-arith -Wconversion -Wwrite-strings -Winline -Woverloaded-virtual -W -fno-exceptions -fno-rtti -g -O2  -L/usr/local/lib -Wl,-rpath-link,/usr/local/lib -Wl,-rpath,/usr/local/lib conftest.cpp  >&5
configure:5654: $? = 0
configure:5654: ./conftest
configure:5654: $? = 0
configure:5655: result: yes
configure:5656: checking whether iconv converts from ISO-8859-2 to UCS-4//TRANSLIT
configure:5676: g++ -o conftest -fpermissive -Wall -Wpointer-arith -Wconversion -Wwrite-strings -Winline -Woverloaded-virtual -W -fno-exceptions -fno-rtti -g -O2  -L/usr/local/lib -Wl,-rpath-link,/usr/local/lib -Wl,-rpath,/usr/local/lib conftest.cpp  >&5
configure:5676: $? = 0
configure:5676: ./conftest
configure:5676: $? = 0
configure:5677: result: yes
configure:5678: checking whether iconv converts from UTF-8 to UCS-4//TRANSLIT
configure:5698: g++ -o conftest -fpermissive -Wall -Wpointer-arith -Wconversion -Wwrite-strings -Winline -Woverloaded-virtual -W -fno-exceptions -fno-rtti -g -O2  -L/usr/local/lib -Wl,-rpath-link,/usr/local/lib -Wl,-rpath,/usr/local/lib conftest.cpp  >&5
configure:5698: $? = 0
configure:5698: ./conftest
configure:5698: $? = 0
configure:5699: result: yes
configure:5754: checking for bindtextdomain
configure:5754: g++ -o conftest -fpermissive -Wall -Wpointer-arith -Wconversion -Wwrite-strings -Winline -Woverloaded-virtual -W -fno-exceptions -fno-rtti -g -O2  -L/usr/local/lib -Wl,-rpath-link,/usr/local/lib -Wl,-rpath,/usr/local/lib conftest.cpp  >&5
configure:5754: $? = 0
configure:5754: result: yes
configure:5819: checking for xgettext
configure:5837: found /usr/bin/xgettext
configure:5849: result: /usr/bin/xgettext
configure:5859: checking for msgmerge
configure:5877: found /usr/bin/msgmerge
configure:5889: result: /usr/bin/msgmerge
configure:5899: checking for msgfmt
configure:5917: found /usr/bin/msgfmt
configure:5929: result: /usr/bin/msgfmt
configure:5970: checking for XInternAtoms in -lX11
configure:5995: g++ -o conftest -fpermissive -Wall -Wpointer-arith -Wconversion -Wwrite-strings -Winline -Woverloaded-virtual -W -fno-exceptions -fno-rtti -g -O2  -L/usr/local/lib -Wl,-rpath-link,/usr/local/lib -Wl,-rpath,/usr/local/lib conftest.cpp -lX11    -lX11   >&5
configure:5995: $? = 0
configure:6004: result: yes
configure:6019: checking for IceConnectionNumber in -lICE
configure:6053: result: no
configure:6060: WARNING: Unable to use X shared memory extension
configure:6073: checking for XShapeCombineRectangles in -lXext
configure:6098: g++ -o conftest -fpermissive -Wall -Wpointer-arith -Wconversion -Wwrite-strings -Winline -Woverloaded-virtual -W -fno-exceptions -fno-rtti -g -O2  -L/usr/local/lib -Wl,-rpath-link,/usr/local/lib -Wl,-rpath,/usr/local/lib conftest.cpp -lXext    -lX11   >&5
/srv/cs523/cross_compile/toolchain/arm-2007q3/bin/arm-none-linux-gnueabi-ld: cannot find -lXext
collect2: ld returned 1 exit status
configure:6098: $? = 1
configure: failed program was:
| /* confdefs.h */
| #define PACKAGE_NAME ""
| #define PACKAGE_TARNAME ""
| #define PACKAGE_VERSION ""
| #define PACKAGE_STRING ""
| #define PACKAGE_BUGREPORT ""
| #define PACKAGE_URL ""
| #define HAVE_DIRENT_H 1
| #define HAVE_SYS_WAIT_H 1
| #define STDC_HEADERS 1
| #define HAVE_SYS_TYPES_H 1
| #define HAVE_SYS_STAT_H 1
| #define HAVE_STDLIB_H 1
| #define HAVE_STRING_H 1
| #define HAVE_MEMORY_H 1
| #define HAVE_STRINGS_H 1
| #define HAVE_INTTYPES_H 1
| #define HAVE_STDINT_H 1
| #define HAVE_UNISTD_H 1
| #define HAVE_FCNTL_H 1
| #define HAVE_LIMITS_H 1
| #define HAVE_STRINGS_H 1
| #define HAVE_SYS_IOCTL_H 1
| #define HAVE_SYS_TIME_H 1
| #define HAVE_UNISTD_H 1
| #define HAVE_SCHED_H 1
| #define HAVE_SYS_PARAM_H 1
| #define HAVE_SYS_SYSCTL_H 1
| #define HAVE_LIBGEN_H 1
| #define TIME_WITH_SYS_TIME 1
| #define SIZEOF_CHAR 1
| #define SIZEOF_SHORT 2
| #define SIZEOF_INT 4
| #define SIZEOF_LONG 4
| #define RETSIGTYPE void
| #define HAVE_STRFTIME 1
| #define HAVE_VPRINTF 1
| #define HAVE_GETTIMEOFDAY 1
| #define HAVE_PUTENV 1
| #define HAVE_SELECT 1
| #define HAVE_SOCKET 1
| #define HAVE_STRTOL 1
| #define HAVE_STRTOUL 1
| #define HAVE_BASENAME 1
| #define HAVE_SYS_SELECT_H 1
| #define HAVE_SYS_SOCKET_H 1
| #define SELECT_TYPE_ARG1 int
| #define SELECT_TYPE_ARG234 (fd_set *)
| #define SELECT_TYPE_ARG5 (struct timeval *)
| #define HAVE_GETLOADAVG2 1
| #define HAVE_LANGINFO_H 1
| #define CONFIG_NL_CODESETS  CODESET, _NL_CTYPE_CODESET_NAME, 0
| #define HAVE_ICONV_H 1
| #define HAVE_ICONV 1
| #define HAVE_ICONV_OPEN 1
| #define HAVE_ICONV_CLOSE 1
| #define CONFIG_I18N 1
| #define ENABLE_NLS 1
| #define HAVE_XINTERNATOMS 1
| /* end confdefs.h.  */
| 
| /* Override any GCC internal prototype to avoid an error.
|    Use char because int might match the return type of a GCC
|    builtin and then its argument prototype would still apply.  */
| #ifdef __cplusplus
| extern "C"
| #endif
| char XShapeCombineRectangles ();
| int
| main ()
| {
| return XShapeCombineRectangles ();
|   ;
|   return 0;
| }
configure:6107: result: no
configure:6116: WARNING: Unable to use X shape extension
configure:6195: checking for xft-config
configure:6213: found /usr/bin/xft-config
configure:6225: result: /usr/bin/xft-config
configure:6946: checking for XpmReadFileToPixmap in -lXpm
configure:6971: g++ -o conftest -fpermissive -Wall -Wpointer-arith -Wconversion -Wwrite-strings -Winline -Woverloaded-virtual -W -fno-exceptions -fno-rtti -g -O2  -L/usr/local/lib -Wl,-rpath-link,/usr/local/lib -Wl,-rpath,/usr/local/lib conftest.cpp -lXpm      -lX11   >&5
configure:6971: $? = 0
configure:6980: result: yes
configure:7008: checking for mkfontdir
configure:7027: found /usr/bin/mkfontdir
configure:7039: result: /usr/bin/mkfontdir
configure:7588: creating ./config.status

## ---------------------- ##
## Running config.status. ##
## ---------------------- ##

This file was extended by config.status, which was
generated by GNU Autoconf 2.64.  Invocation command line was

  CONFIG_FILES    = 
  CONFIG_HEADERS  = 
  CONFIG_LINKS    = 
  CONFIG_COMMANDS = 
  $ ./config.status 

on ubuntu

config.status:975: creating Makefile
config.status:975: creating src/Makefile
config.status:975: creating po/Makefile
config.status:1078: WARNING:  'po/Makefile.in' seems to ignore the --datarootdir setting
config.status:975: creating lib/keys
config.status:975: creating lib/menu
config.status:975: creating lib/programs
config.status:975: creating lib/toolbar
config.status:975: creating lib/winoptions
config.status:975: creating src/config.h
config.status:1155: executing config.status commands
configure:8781: result: 
configure:8802: result: Build targets: base nls
configure:8824: result: Applications: icewm icewm-session icesh icewmhint icewmbg icewmtray icehelp
configure:8846: result: Image library: libXpm
configure:8868: result: Audio support: 
configure:8890: result: Features: i18n nls xfreetype
configure:8912: result: Paths: PREFIX: /usr/local
configure:8934: result:        BINDIR: /usr/local/bin
configure:8956: result:        LOCDIR: /usr/local/share/locale
configure:8978: result:        LIBDIR: /usr/local/share/icewm
configure:9000: result:        CFGDIR: /etc/icewm
configure:9022: result:        KDEDIR: /usr/local/share
configure:9044: result:        DOCDIR: /usr/local/share/doc
configure:9066: result:        MANDIR: /usr/local/share/man

## ---------------- ##
## Cache variables. ##
## ---------------- ##

ac_cv_build=arm-unknown-linux-gnu
ac_cv_cxx_compiler_gnu=yes
ac_cv_env_CCC_set=
ac_cv_env_CCC_value=
ac_cv_env_CPPFLAGS_set=
ac_cv_env_CPPFLAGS_value=
ac_cv_env_CXXCPP_set=
ac_cv_env_CXXCPP_value=
ac_cv_env_CXXFLAGS_set=
ac_cv_env_CXXFLAGS_value=
ac_cv_env_CXX_set=
ac_cv_env_CXX_value=
ac_cv_env_LDFLAGS_set=set
ac_cv_env_LDFLAGS_value='-L/usr/local/lib -Wl,-rpath-link,/usr/local/lib -Wl,-rpath,/usr/local/lib'
ac_cv_env_LIBS_set=
ac_cv_env_LIBS_value=
ac_cv_env_XMKMF_set=
ac_cv_env_XMKMF_value=
ac_cv_env_build_alias_set=
ac_cv_env_build_alias_value=
ac_cv_env_host_alias_set=
ac_cv_env_host_alias_value=
ac_cv_env_target_alias_set=
ac_cv_env_target_alias_value=
ac_cv_func__doprnt=no
ac_cv_func_basename=yes
ac_cv_func_bindtextdomain=yes
ac_cv_func_connect=yes
ac_cv_func_gethostbyname=yes
ac_cv_func_gettimeofday=yes
ac_cv_func_iconv=yes
ac_cv_func_iconv_close=yes
ac_cv_func_iconv_open=yes
ac_cv_func_nl_langinfo=yes
ac_cv_func_putenv=yes
ac_cv_func_remove=yes
ac_cv_func_select=yes
ac_cv_func_select_args='int,fd_set *,struct timeval *'
ac_cv_func_shmat=yes
ac_cv_func_socket=yes
ac_cv_func_strftime=yes
ac_cv_func_strtol=yes
ac_cv_func_strtoul=yes
ac_cv_func_sysctlbyname=no
ac_cv_func_vprintf=yes
ac_cv_have_decl__libiconv_version=no
ac_cv_have_x='have_x=yes	ac_x_includes='\'''\''	ac_x_libraries='\'''\'''
ac_cv_header_dirent_dirent_h=yes
ac_cv_header_fcntl_h=yes
ac_cv_header_iconv_h=yes
ac_cv_header_inttypes_h=yes
ac_cv_header_kstat_h=no
ac_cv_header_langinfo_h=yes
ac_cv_header_libgen_h=yes
ac_cv_header_limits_h=yes
ac_cv_header_linux_tasks_h=no
ac_cv_header_linux_threads_h=no
ac_cv_header_machine_apm_bios_h=no
ac_cv_header_machine_apmvar_h=no
ac_cv_header_memory_h=yes
ac_cv_header_sched_h=yes
ac_cv_header_stdc=yes
ac_cv_header_stdint_h=yes
ac_cv_header_stdlib_h=yes
ac_cv_header_string_h=yes
ac_cv_header_strings_h=yes
ac_cv_header_sys_dkstat_h=no
ac_cv_header_sys_ioctl_h=yes
ac_cv_header_sys_param_h=yes
ac_cv_header_sys_select_h=yes
ac_cv_header_sys_socket_h=yes
ac_cv_header_sys_stat_h=yes
ac_cv_header_sys_sysctl_h=yes
ac_cv_header_sys_time_h=yes
ac_cv_header_sys_types_h=yes
ac_cv_header_sys_wait_h=yes
ac_cv_header_time=yes
ac_cv_header_unistd_h=yes
ac_cv_header_uvm_uvm_param_h=no
ac_cv_host=arm-unknown-linux-gnu
ac_cv_lib_ICE_IceConnectionNumber=no
ac_cv_lib_X11_XInternAtoms=yes
ac_cv_lib_Xext_XShapeCombineRectangles=no
ac_cv_lib_Xpm_XpmReadFileToPixmap=yes
ac_cv_objext=o
ac_cv_path_EGREP='/bin/grep -E'
ac_cv_path_GREP=/bin/grep
ac_cv_path_MKFONTDIR=/usr/bin/mkfontdir
ac_cv_path_MSGFMT=/usr/bin/msgfmt
ac_cv_path_MSGMERGE=/usr/bin/msgmerge
ac_cv_path_XFT_CONFIG=/usr/bin/xft-config
ac_cv_path_XGETTEXT=/usr/bin/xgettext
ac_cv_path_install='/usr/bin/install -c'
ac_cv_prog_CXXCPP='g++ -E'
ac_cv_prog_ac_ct_CXX=g++
ac_cv_prog_cxx_g=yes
ac_cv_search_opendir='none required'
ac_cv_sizeof_char=1
ac_cv_sizeof_int=4
ac_cv_sizeof_long=4
ac_cv_sizeof_short=2
ac_cv_struct_tm=time.h
ac_cv_target=arm-unknown-linux-gnu
ac_cv_type_signal=void
ac_cv_type_size_t=yes

## ----------------- ##
## Output variables. ##
## ----------------- ##

APPLICATIONS='icewm icewm-session icesh icewmhint icewmbg icewmtray icehelp'
AUDIO_CFLAGS=''
AUDIO_LIBS=''
BASEBINS=' icewm$(EXEEXT) icewm-session$(EXEEXT) icesh$(EXEEXT) icewmhint$(EXEEXT) icewmbg$(EXEEXT) icewmtray$(EXEEXT) icehelp$(EXEEXT)'
BASEOBJS=' $(icewm_OBJS) $(icewm-session_OBJS) $(icesh_OBJS) $(icewmhint_OBJS) $(icewmbg_OBJS) $(icewmtray_OBJS) $(icehelp_OBJS)'
BINDIR='/usr/local/bin'
BINFILES='$(top_srcdir)/src/icewm$(EXEEXT) $(top_srcdir)/src/icewm-session$(EXEEXT) $(top_srcdir)/src/icesh$(EXEEXT) $(top_srcdir)/src/icewmhint$(EXEEXT) $(top_srcdir)/src/icewmbg$(EXEEXT) $(top_srcdir)/src/icewmtray$(EXEEXT) $(top_srcdir)/src/icehelp$(EXEEXT) '
CFGDIR='/etc/icewm'
CONFIG_GNOME1_MENU_DIR=''
CONFIG_GNOME2_MENU_DIR=''
CONFIG_KDE_MENU_DIR=''
CORE_CFLAGS=' -I/usr/include -I/usr/include/freetype2'
CORE_LIBS='  -lX11   -lXrandr -lXrender -lXext -lXft -lX11 -lfreetype -lz -lfontconfig -lXrender -lX11'
CPPFLAGS=''
CXX='g++'
CXXCPP='g++ -E'
CXXFLAGS='-fpermissive -Wall -Wpointer-arith -Wconversion -Wwrite-strings -Winline -Woverloaded-virtual -W -fno-exceptions -fno-rtti -g -O2'
CXX_LINK='g++'
DEBUG=''
DEFS='-DHAVE_CONFIG_H'
DOCDIR='/usr/local/share/doc'
ECHO_C=''
ECHO_N='-n'
ECHO_T=''
EGREP='/bin/grep -E'
ESD_CONFIG=''
EXEEXT=''
GCCDEP=''
GNOME1_CFLAGS=''
GNOME1_CONFIG=''
GNOME1_LIBS=''
GNOME2_CFLAGS=''
GNOME2_LIBS=''
GNOME_VER=''
GREP='/bin/grep'
GWMDIR=''
HOSTCPU='arm'
HOSTCXX='g++'
HOSTCXX_LINK='g++'
HOSTOS='Linux 2.6.31-19-generic'
IMAGE_CFLAGS=''
IMAGE_LIBS=' -lXpm'
IMLIB_CONFIG=''
INSTALL='/usr/bin/install -c'
INSTALLBIN='${INSTALL}'
INSTALLDIR='/usr/bin/install -c -m 755 -d'
INSTALLETC='${INSTALL} -m 644'
INSTALLLIB='${INSTALL} -m 644'
INSTALLMAN='${INSTALL} -m 644'
INSTALL_DATA='${INSTALL} -m 644'
INSTALL_PROGRAM='${INSTALL}'
INSTALL_SCRIPT='${INSTALL}'
KDEDIR='/usr/local/share'
LDFLAGS='-L/usr/local/lib -Wl,-rpath-link,/usr/local/lib -Wl,-rpath,/usr/local/lib'
LIBDIR='/usr/local/share/icewm'
LIBOBJS=''
LIBS=''
LOCDIR='/usr/local/share/locale'
LTLIBOBJS=''
MANDIR='/usr/local/share/man'
MKFONTDIR='/usr/bin/mkfontdir'
MSGFMT='/usr/bin/msgfmt'
MSGMERGE='/usr/bin/msgmerge'
NLS_MOFILES='be.mo bg.mo ca.mo cs.mo da.mo de.mo el.mo en.mo es.mo fi.mo fr.mo hr.mo hu.mo id.mo it.mo ja.mo ko.mo lt.mo lv.mo mk.mo nb.mo nl.mo pl.mo pt_BR.mo ro.mo ru.mo sk.mo sl.mo sv.mo tr.mo uk.mo vi.mo zh_CN.mo zh_TW.mo'
NLS_POFILES='be.po bg.po ca.po cs.po da.po de.po el.po en.po es.po fi.po fr.po hr.po hu.po id.po it.po ja.po ko.po lt.po lv.po mk.po nb.po nl.po pl.po pt_BR.po ro.po ru.po sk.po sl.po sv.po tr.po uk.po vi.po zh_CN.po zh_TW.po'
NLS_POXFILES='be.pox bg.pox ca.pox cs.pox da.pox de.pox el.pox en.pox es.pox fi.pox fr.pox hr.pox hu.pox id.pox it.pox ja.pox ko.pox lt.pox lv.pox mk.pox nb.pox nl.pox pl.pox pt_BR.pox ro.pox ru.pox sk.pox sl.pox sv.pox tr.pox uk.pox vi.pox zh_CN.pox zh_TW.pox'
NLS_SOURCES='$(top_srcdir)/src/aapm.cc $(top_srcdir)/src/acpustatus.cc $(top_srcdir)/src/amailbox.cc $(top_srcdir)/src/apppstatus.cc $(top_srcdir)/src/aworkspaces.cc $(top_srcdir)/src/icehelp.cc $(top_srcdir)/src/icelist.cc $(top_srcdir)/src/icesame.cc $(top_srcdir)/src/icesh.cc $(top_srcdir)/src/iceskt.cc $(top_srcdir)/src/icesound.cc $(top_srcdir)/src/iceview.cc $(top_srcdir)/src/icewmbg.cc $(top_srcdir)/src/icewmhint.cc $(top_srcdir)/src/misc.cc $(top_srcdir)/src/movesize.cc $(top_srcdir)/src/testnetwmhints.cc $(top_srcdir)/src/testwinhints.cc $(top_srcdir)/src/themes.cc $(top_srcdir)/src/wmabout.cc $(top_srcdir)/src/wmapp.cc $(top_srcdir)/src/wmconfig.cc $(top_srcdir)/src/wmdialog.cc $(top_srcdir)/src/wmframe.cc $(top_srcdir)/src/wmoption.cc $(top_srcdir)/src/wmprog.cc $(top_srcdir)/src/wmsession.cc $(top_srcdir)/src/wmstatus.cc $(top_srcdir)/src/wmtaskbar.cc $(top_srcdir)/src/wmwinlist.cc $(top_srcdir)/src/wmwinmenu.cc $(top_srcdir)/src/yapp.cc $(top_srcdir)/src/ybutton.cc $(top_srcdir)/src/ycmdline.cc $(top_srcdir)/src/yconfig.cc $(top_srcdir)/src/ycursor.cc $(top_srcdir)/src/yfontcore.cc $(top_srcdir)/src/yfontxft.cc $(top_srcdir)/src/yicon.cc $(top_srcdir)/src/yimage.cc $(top_srcdir)/src/yinput.cc $(top_srcdir)/src/ylocale.cc $(top_srcdir)/src/ymenufile.cc $(top_srcdir)/src/ymenuitem.cc $(top_srcdir)/src/ymsgbox.cc $(top_srcdir)/src/yparser.cc $(top_srcdir)/src/ypaths.cc $(top_srcdir)/src/ypixbuf.cc $(top_srcdir)/src/ysmapp.cc $(top_srcdir)/src/yurl.cc $(top_srcdir)/src/yxapp.cc'
OBJEXT='o'
PACKAGE='icewm'
PACKAGE_BUGREPORT=''
PACKAGE_NAME=''
PACKAGE_STRING=''
PACKAGE_TARNAME=''
PACKAGE_URL=''
PACKAGE_VERSION=''
PATH_SEPARATOR=':'
PKG_CONFIG=''
PREFIX='/usr/local'
SHELL='/bin/bash'
TARGETS='base nls'
TARGETS_INSTALL='install-base install-nls '
TESTBINS=' testarray$(EXEEXT) testdesktop$(EXEEXT) testlocale$(EXEEXT) testmap$(EXEEXT) testmenus$(EXEEXT) testnetwmhints$(EXEEXT) testwinhints$(EXEEXT) iceview$(EXEEXT) icesame$(EXEEXT) iceicon$(EXEEXT) icerun$(EXEEXT) icelist$(EXEEXT)'
TESTCASES='testarray testdesktop testlocale testmap testmenus testnetwmhints testwinhints iceview icesame iceicon icerun icelist'
TESTOBJS=' $(testarray_OBJS) $(testdesktop_OBJS) $(testlocale_OBJS) $(testmap_OBJS) $(testmenus_OBJS) $(testnetwmhints_OBJS) $(testwinhints_OBJS) $(iceview_OBJS) $(icesame_OBJS) $(iceicon_OBJS) $(icerun_OBJS) $(icelist_OBJS)'
VERSION='1.2.37'
XFT_CONFIG='/usr/bin/xft-config'
XGETTEXT='/usr/bin/xgettext'
XMKMF=''
X_CFLAGS=''
X_EXTRA_LIBS=''
X_LIBS=''
X_PRE_LIBS=''
ac_ct_CXX='g++'
bindir='${exec_prefix}/bin'
build='arm-unknown-linux-gnu'
build_alias=''
build_cpu='arm'
build_os='linux-gnu'
build_vendor='unknown'
datadir='${datarootdir}'
datarootdir='${prefix}/share'
docdir='${datadir}/doc'
dvidir='${docdir}'
exec_prefix='${prefix}'
host='arm-unknown-linux-gnu'
host_alias=''
host_cpu='arm'
host_os='linux-gnu'
host_vendor='unknown'
htmldir='${docdir}'
includedir='${prefix}/include'
infodir='${datarootdir}/info'
libdir='${exec_prefix}/lib'
libexecdir='${exec_prefix}/libexec'
localedir='${datadir}/locale'
localstatedir='${prefix}/var'
mandir='${datarootdir}/man'
oldincludedir='/usr/include'
pdfdir='${docdir}'
prefix='/usr/local'
program_transform_name='s,x,x,'
psdir='${docdir}'
sbindir='${exec_prefix}/sbin'
sharedstatedir='${prefix}/com'
sysconfdir='${prefix}/etc'
target='arm-unknown-linux-gnu'
target_alias=''
target_cpu='arm'
target_os='linux-gnu'
target_vendor='unknown'

## ----------- ##
## confdefs.h. ##
## ----------- ##

/* confdefs.h */
#define PACKAGE_NAME ""
#define PACKAGE_TARNAME ""
#define PACKAGE_VERSION ""
#define PACKAGE_STRING ""
#define PACKAGE_BUGREPORT ""
#define PACKAGE_URL ""
#define HAVE_DIRENT_H 1
#define HAVE_SYS_WAIT_H 1
#define STDC_HEADERS 1
#define HAVE_SYS_TYPES_H 1
#define HAVE_SYS_STAT_H 1
#define HAVE_STDLIB_H 1
#define HAVE_STRING_H 1
#define HAVE_MEMORY_H 1
#define HAVE_STRINGS_H 1
#define HAVE_INTTYPES_H 1
#define HAVE_STDINT_H 1
#define HAVE_UNISTD_H 1
#define HAVE_FCNTL_H 1
#define HAVE_LIMITS_H 1
#define HAVE_STRINGS_H 1
#define HAVE_SYS_IOCTL_H 1
#define HAVE_SYS_TIME_H 1
#define HAVE_UNISTD_H 1
#define HAVE_SCHED_H 1
#define HAVE_SYS_PARAM_H 1
#define HAVE_SYS_SYSCTL_H 1
#define HAVE_LIBGEN_H 1
#define TIME_WITH_SYS_TIME 1
#define SIZEOF_CHAR 1
#define SIZEOF_SHORT 2
#define SIZEOF_INT 4
#define SIZEOF_LONG 4
#define RETSIGTYPE void
#define HAVE_STRFTIME 1
#define HAVE_VPRINTF 1
#define HAVE_GETTIMEOFDAY 1
#define HAVE_PUTENV 1
#define HAVE_SELECT 1
#define HAVE_SOCKET 1
#define HAVE_STRTOL 1
#define HAVE_STRTOUL 1
#define HAVE_BASENAME 1
#define HAVE_SYS_SELECT_H 1
#define HAVE_SYS_SOCKET_H 1
#define SELECT_TYPE_ARG1 int
#define SELECT_TYPE_ARG234 (fd_set *)
#define SELECT_TYPE_ARG5 (struct timeval *)
#define HAVE_GETLOADAVG2 1
#define HAVE_LANGINFO_H 1
#define CONFIG_NL_CODESETS  CODESET, _NL_CTYPE_CODESET_NAME, 0
#define HAVE_ICONV_H 1
#define HAVE_ICONV 1
#define HAVE_ICONV_OPEN 1
#define HAVE_ICONV_CLOSE 1
#define CONFIG_I18N 1
#define ENABLE_NLS 1
#define HAVE_XINTERNATOMS 1
#define CONFIG_XRANDR 1
#define CONFIG_XFREETYPE 2
#define CONFIG_TASKBAR 1
#define CONFIG_WINMENU 1
#define CONFIG_TOOLTIP 1
#define CONFIG_TASKBAR 1
#define CONFIG_ADDRESSBAR 1
#define CONFIG_TRAY 1
#define CONFIG_APPLET_MAILBOX 1
#define CONFIG_APPLET_CPU_STATUS 1
#define CONFIG_APPLET_NET_STATUS 1
#define CONFIG_APPLET_CLOCK 1
#define CONFIG_APPLET_APM 1
#define CONFIG_WINLIST 1
#define CONFIG_WINMENU 1
#define CONFIG_GNOME_ROOT_PROPERTY  "GNOME_SM_PROXY"
#define CONFIG_XPM 1
#define WMSPEC_HINTS 1
#define GNOME1_HINTS 1

configure: exit 0
